[0.037s] Invoking command in '/home/thinal/turtlebot3_ws/build/turtlebot3_navigation2': CMAKE_PREFIX_PATH=${CMAKE_PREFIX_PATH}:/home/thinal/turtlebot3_ws/install/turtlebot3_teleop:/home/thinal/turtlebot3_ws/install/turtlebot3_example:/opt/ros/jazzy /usr/bin/cmake --build /home/thinal/turtlebot3_ws/build/turtlebot3_navigation2 -- -j16 -l16
[0.275s] Invoked command in '/home/thinal/turtlebot3_ws/build/turtlebot3_navigation2' returned '0': CMAKE_PREFIX_PATH=${CMAKE_PREFIX_PATH}:/home/thinal/turtlebot3_ws/install/turtlebot3_teleop:/home/thinal/turtlebot3_ws/install/turtlebot3_example:/opt/ros/jazzy /usr/bin/cmake --build /home/thinal/turtlebot3_ws/build/turtlebot3_navigation2 -- -j16 -l16
[0.276s] Invoking command in '/home/thinal/turtlebot3_ws/build/turtlebot3_navigation2': CMAKE_PREFIX_PATH=${CMAKE_PREFIX_PATH}:/home/thinal/turtlebot3_ws/install/turtlebot3_teleop:/home/thinal/turtlebot3_ws/install/turtlebot3_example:/opt/ros/jazzy /usr/bin/cmake --install /home/thinal/turtlebot3_ws/build/turtlebot3_navigation2
[0.289s] -- Install configuration: ""
[0.289s] -- Execute custom install script
[0.292s] -- Up-to-date symlink: /home/thinal/turtlebot3_ws/install/turtlebot3_navigation2/share/turtlebot3_navigation2/launch/navigation2.launch.py
[0.293s] -- Up-to-date symlink: /home/thinal/turtlebot3_ws/install/turtlebot3_navigation2/share/turtlebot3_navigation2/map/map.pgm
[0.293s] -- Up-to-date symlink: /home/thinal/turtlebot3_ws/install/turtlebot3_navigation2/share/turtlebot3_navigation2/map/map.yaml
[0.293s] -- Up-to-date symlink: /home/thinal/turtlebot3_ws/install/turtlebot3_navigation2/share/turtlebot3_navigation2/param/burger.yaml
[0.293s] -- Up-to-date symlink: /home/thinal/turtlebot3_ws/install/turtlebot3_navigation2/share/turtlebot3_navigation2/param/burger_cam.yaml
[0.293s] -- Up-to-date symlink: /home/thinal/turtlebot3_ws/install/turtlebot3_navigation2/share/turtlebot3_navigation2/param/humble/burger.yaml
[0.293s] -- Up-to-date symlink: /home/thinal/turtlebot3_ws/install/turtlebot3_navigation2/share/turtlebot3_navigation2/param/humble/burger_cam.yaml
[0.293s] -- Up-to-date symlink: /home/thinal/turtlebot3_ws/install/turtlebot3_navigation2/share/turtlebot3_navigation2/param/humble/waffle.yaml
[0.294s] -- Up-to-date symlink: /home/thinal/turtlebot3_ws/install/turtlebot3_navigation2/share/turtlebot3_navigation2/param/humble/waffle_pi.yaml
[0.294s] -- Up-to-date symlink: /home/thinal/turtlebot3_ws/install/turtlebot3_navigation2/share/turtlebot3_navigation2/param/waffle.yaml
[0.294s] -- Up-to-date symlink: /home/thinal/turtlebot3_ws/install/turtlebot3_navigation2/share/turtlebot3_navigation2/param/waffle_pi.yaml
[0.294s] -- Up-to-date symlink: /home/thinal/turtlebot3_ws/install/turtlebot3_navigation2/share/turtlebot3_navigation2/rviz/tb3_navigation2.rviz
[0.295s] -- Up-to-date symlink: /home/thinal/turtlebot3_ws/install/turtlebot3_navigation2/share/ament_index/resource_index/package_run_dependencies/turtlebot3_navigation2
[0.296s] -- Up-to-date symlink: /home/thinal/turtlebot3_ws/install/turtlebot3_navigation2/share/ament_index/resource_index/parent_prefix_path/turtlebot3_navigation2
[0.297s] -- Up-to-date symlink: /home/thinal/turtlebot3_ws/install/turtlebot3_navigation2/share/turtlebot3_navigation2/environment/ament_prefix_path.sh
[0.297s] -- Up-to-date symlink: /home/thinal/turtlebot3_ws/install/turtlebot3_navigation2/share/turtlebot3_navigation2/environment/ament_prefix_path.dsv
[0.297s] -- Up-to-date symlink: /home/thinal/turtlebot3_ws/install/turtlebot3_navigation2/share/turtlebot3_navigation2/environment/path.sh
[0.297s] -- Up-to-date symlink: /home/thinal/turtlebot3_ws/install/turtlebot3_navigation2/share/turtlebot3_navigation2/environment/path.dsv
[0.297s] -- Up-to-date symlink: /home/thinal/turtlebot3_ws/install/turtlebot3_navigation2/share/turtlebot3_navigation2/local_setup.bash
[0.297s] -- Up-to-date symlink: /home/thinal/turtlebot3_ws/install/turtlebot3_navigation2/share/turtlebot3_navigation2/local_setup.sh
[0.298s] -- Up-to-date symlink: /home/thinal/turtlebot3_ws/install/turtlebot3_navigation2/share/turtlebot3_navigation2/local_setup.zsh
[0.298s] -- Up-to-date symlink: /home/thinal/turtlebot3_ws/install/turtlebot3_navigation2/share/turtlebot3_navigation2/local_setup.dsv
[0.298s] -- Symlinking: /home/thinal/turtlebot3_ws/install/turtlebot3_navigation2/share/turtlebot3_navigation2/package.dsv
[0.315s] -- Up-to-date symlink: /home/thinal/turtlebot3_ws/install/turtlebot3_navigation2/share/ament_index/resource_index/packages/turtlebot3_navigation2
[0.315s] -- Up-to-date symlink: /home/thinal/turtlebot3_ws/install/turtlebot3_navigation2/share/turtlebot3_navigation2/cmake/turtlebot3_navigation2Config.cmake
[0.315s] -- Up-to-date symlink: /home/thinal/turtlebot3_ws/install/turtlebot3_navigation2/share/turtlebot3_navigation2/cmake/turtlebot3_navigation2Config-version.cmake
[0.316s] -- Up-to-date symlink: /home/thinal/turtlebot3_ws/install/turtlebot3_navigation2/share/turtlebot3_navigation2/package.xml
[0.345s] Invoked command in '/home/thinal/turtlebot3_ws/build/turtlebot3_navigation2' returned '0': CMAKE_PREFIX_PATH=${CMAKE_PREFIX_PATH}:/home/thinal/turtlebot3_ws/install/turtlebot3_teleop:/home/thinal/turtlebot3_ws/install/turtlebot3_example:/opt/ros/jazzy /usr/bin/cmake --install /home/thinal/turtlebot3_ws/build/turtlebot3_navigation2
