[0.323s] Invoking command in '/home/thinal/turtlebot3_ws/build/turtlebot3_simulations': AMENT_PREFIX_PATH=/home/thinal/turtlebot3_ws/install/turtlebot3_fake_node:/home/thinal/turtlebot3_ws/install/turtlebot3_msgs:/home/thinal/turtlebot3_ws/install/turtlebot3_gazebo:${AMENT_PREFIX_PATH} CMAKE_PREFIX_PATH=/home/thinal/turtlebot3_ws/install/turtlebot3_fake_node:/home/thinal/turtlebot3_ws/install/turtlebot3_msgs:/home/thinal/turtlebot3_ws/install/turtlebot3_gazebo:/opt/ros/jazzy/opt/gz_sim_vendor:/opt/ros/jazzy/opt/gz_sensors_vendor:/opt/ros/jazzy/opt/gz_physics_vendor:/opt/ros/jazzy/opt/sdformat_vendor:/opt/ros/jazzy/opt/gz_gui_vendor:/opt/ros/jazzy/opt/gz_transport_vendor:/opt/ros/jazzy/opt/gz_rendering_vendor:/opt/ros/jazzy/opt/gz_plugin_vendor:/opt/ros/jazzy/opt/gz_fuel_tools_vendor:/opt/ros/jazzy/opt/gz_msgs_vendor:/opt/ros/jazzy/opt/gz_common_vendor:/opt/ros/jazzy/opt/gz_tools_vendor:/opt/ros/jazzy/opt/gz_ogre_next_vendor:/opt/ros/jazzy/opt/gz_dartsim_vendor:/opt/ros/jazzy/opt/gz_math_vendor:/opt/ros/jazzy/opt/gz_utils_vendor:/opt/ros/jazzy/opt/gz_cmake_vendor:/opt/ros/jazzy LD_LIBRARY_PATH=/home/thinal/turtlebot3_ws/install/turtlebot3_msgs/lib:${LD_LIBRARY_PATH} PYTHONPATH=/home/thinal/turtlebot3_ws/install/turtlebot3_msgs/lib/python3.12/site-packages:${PYTHONPATH} /usr/bin/cmake /home/thinal/turtlebot3_ws/src/turtlebot3_simulations/turtlebot3_simulations -DAMENT_CMAKE_SYMLINK_INSTALL=1 -DCMAKE_INSTALL_PREFIX=/home/thinal/turtlebot3_ws/install/turtlebot3_simulations
[0.553s] -- The C compiler identification is GNU 13.3.0
[1.451s] -- The CXX compiler identification is GNU 13.3.0
[2.222s] -- Detecting C compiler ABI info
[2.658s] -- Detecting C compiler ABI info - done
[2.673s] -- Check for working C compiler: /usr/bin/cc - skipped
[2.673s] -- Detecting C compile features
[2.674s] -- Detecting C compile features - done
[2.800s] -- Detecting CXX compiler ABI info
[3.240s] -- Detecting CXX compiler ABI info - done
[3.253s] -- Check for working CXX compiler: /usr/bin/c++ - skipped
[3.253s] -- Detecting CXX compile features
[3.254s] -- Detecting CXX compile features - done
[3.264s] -- Found ament_cmake: 2.5.4 (/opt/ros/jazzy/share/ament_cmake/cmake)
[3.580s] -- Found Python3: /usr/bin/python3 (found version "3.12.3") found components: Interpreter 
[3.722s] -- Override CMake install command with custom implementation using symlinks instead of copying resources
[3.983s] -- Configuring done (3.6s)
[3.995s] -- Generating done (0.0s)
[3.998s] -- Build files have been written to: /home/thinal/turtlebot3_ws/build/turtlebot3_simulations
[4.008s] Invoked command in '/home/thinal/turtlebot3_ws/build/turtlebot3_simulations' returned '0': AMENT_PREFIX_PATH=/home/thinal/turtlebot3_ws/install/turtlebot3_fake_node:/home/thinal/turtlebot3_ws/install/turtlebot3_msgs:/home/thinal/turtlebot3_ws/install/turtlebot3_gazebo:${AMENT_PREFIX_PATH} CMAKE_PREFIX_PATH=/home/thinal/turtlebot3_ws/install/turtlebot3_fake_node:/home/thinal/turtlebot3_ws/install/turtlebot3_msgs:/home/thinal/turtlebot3_ws/install/turtlebot3_gazebo:/opt/ros/jazzy/opt/gz_sim_vendor:/opt/ros/jazzy/opt/gz_sensors_vendor:/opt/ros/jazzy/opt/gz_physics_vendor:/opt/ros/jazzy/opt/sdformat_vendor:/opt/ros/jazzy/opt/gz_gui_vendor:/opt/ros/jazzy/opt/gz_transport_vendor:/opt/ros/jazzy/opt/gz_rendering_vendor:/opt/ros/jazzy/opt/gz_plugin_vendor:/opt/ros/jazzy/opt/gz_fuel_tools_vendor:/opt/ros/jazzy/opt/gz_msgs_vendor:/opt/ros/jazzy/opt/gz_common_vendor:/opt/ros/jazzy/opt/gz_tools_vendor:/opt/ros/jazzy/opt/gz_ogre_next_vendor:/opt/ros/jazzy/opt/gz_dartsim_vendor:/opt/ros/jazzy/opt/gz_math_vendor:/opt/ros/jazzy/opt/gz_utils_vendor:/opt/ros/jazzy/opt/gz_cmake_vendor:/opt/ros/jazzy LD_LIBRARY_PATH=/home/thinal/turtlebot3_ws/install/turtlebot3_msgs/lib:${LD_LIBRARY_PATH} PYTHONPATH=/home/thinal/turtlebot3_ws/install/turtlebot3_msgs/lib/python3.12/site-packages:${PYTHONPATH} /usr/bin/cmake /home/thinal/turtlebot3_ws/src/turtlebot3_simulations/turtlebot3_simulations -DAMENT_CMAKE_SYMLINK_INSTALL=1 -DCMAKE_INSTALL_PREFIX=/home/thinal/turtlebot3_ws/install/turtlebot3_simulations
[4.010s] Invoking command in '/home/thinal/turtlebot3_ws/build/turtlebot3_simulations': AMENT_PREFIX_PATH=/home/thinal/turtlebot3_ws/install/turtlebot3_fake_node:/home/thinal/turtlebot3_ws/install/turtlebot3_msgs:/home/thinal/turtlebot3_ws/install/turtlebot3_gazebo:${AMENT_PREFIX_PATH} CMAKE_PREFIX_PATH=/home/thinal/turtlebot3_ws/install/turtlebot3_fake_node:/home/thinal/turtlebot3_ws/install/turtlebot3_msgs:/home/thinal/turtlebot3_ws/install/turtlebot3_gazebo:/opt/ros/jazzy/opt/gz_sim_vendor:/opt/ros/jazzy/opt/gz_sensors_vendor:/opt/ros/jazzy/opt/gz_physics_vendor:/opt/ros/jazzy/opt/sdformat_vendor:/opt/ros/jazzy/opt/gz_gui_vendor:/opt/ros/jazzy/opt/gz_transport_vendor:/opt/ros/jazzy/opt/gz_rendering_vendor:/opt/ros/jazzy/opt/gz_plugin_vendor:/opt/ros/jazzy/opt/gz_fuel_tools_vendor:/opt/ros/jazzy/opt/gz_msgs_vendor:/opt/ros/jazzy/opt/gz_common_vendor:/opt/ros/jazzy/opt/gz_tools_vendor:/opt/ros/jazzy/opt/gz_ogre_next_vendor:/opt/ros/jazzy/opt/gz_dartsim_vendor:/opt/ros/jazzy/opt/gz_math_vendor:/opt/ros/jazzy/opt/gz_utils_vendor:/opt/ros/jazzy/opt/gz_cmake_vendor:/opt/ros/jazzy LD_LIBRARY_PATH=/home/thinal/turtlebot3_ws/install/turtlebot3_msgs/lib:${LD_LIBRARY_PATH} PYTHONPATH=/home/thinal/turtlebot3_ws/install/turtlebot3_msgs/lib/python3.12/site-packages:${PYTHONPATH} /usr/bin/cmake --build /home/thinal/turtlebot3_ws/build/turtlebot3_simulations -- -j16 -l16
[4.101s] Invoked command in '/home/thinal/turtlebot3_ws/build/turtlebot3_simulations' returned '0': AMENT_PREFIX_PATH=/home/thinal/turtlebot3_ws/install/turtlebot3_fake_node:/home/thinal/turtlebot3_ws/install/turtlebot3_msgs:/home/thinal/turtlebot3_ws/install/turtlebot3_gazebo:${AMENT_PREFIX_PATH} CMAKE_PREFIX_PATH=/home/thinal/turtlebot3_ws/install/turtlebot3_fake_node:/home/thinal/turtlebot3_ws/install/turtlebot3_msgs:/home/thinal/turtlebot3_ws/install/turtlebot3_gazebo:/opt/ros/jazzy/opt/gz_sim_vendor:/opt/ros/jazzy/opt/gz_sensors_vendor:/opt/ros/jazzy/opt/gz_physics_vendor:/opt/ros/jazzy/opt/sdformat_vendor:/opt/ros/jazzy/opt/gz_gui_vendor:/opt/ros/jazzy/opt/gz_transport_vendor:/opt/ros/jazzy/opt/gz_rendering_vendor:/opt/ros/jazzy/opt/gz_plugin_vendor:/opt/ros/jazzy/opt/gz_fuel_tools_vendor:/opt/ros/jazzy/opt/gz_msgs_vendor:/opt/ros/jazzy/opt/gz_common_vendor:/opt/ros/jazzy/opt/gz_tools_vendor:/opt/ros/jazzy/opt/gz_ogre_next_vendor:/opt/ros/jazzy/opt/gz_dartsim_vendor:/opt/ros/jazzy/opt/gz_math_vendor:/opt/ros/jazzy/opt/gz_utils_vendor:/opt/ros/jazzy/opt/gz_cmake_vendor:/opt/ros/jazzy LD_LIBRARY_PATH=/home/thinal/turtlebot3_ws/install/turtlebot3_msgs/lib:${LD_LIBRARY_PATH} PYTHONPATH=/home/thinal/turtlebot3_ws/install/turtlebot3_msgs/lib/python3.12/site-packages:${PYTHONPATH} /usr/bin/cmake --build /home/thinal/turtlebot3_ws/build/turtlebot3_simulations -- -j16 -l16
[4.103s] Invoking command in '/home/thinal/turtlebot3_ws/build/turtlebot3_simulations': AMENT_PREFIX_PATH=/home/thinal/turtlebot3_ws/install/turtlebot3_fake_node:/home/thinal/turtlebot3_ws/install/turtlebot3_msgs:/home/thinal/turtlebot3_ws/install/turtlebot3_gazebo:${AMENT_PREFIX_PATH} CMAKE_PREFIX_PATH=/home/thinal/turtlebot3_ws/install/turtlebot3_fake_node:/home/thinal/turtlebot3_ws/install/turtlebot3_msgs:/home/thinal/turtlebot3_ws/install/turtlebot3_gazebo:/opt/ros/jazzy/opt/gz_sim_vendor:/opt/ros/jazzy/opt/gz_sensors_vendor:/opt/ros/jazzy/opt/gz_physics_vendor:/opt/ros/jazzy/opt/sdformat_vendor:/opt/ros/jazzy/opt/gz_gui_vendor:/opt/ros/jazzy/opt/gz_transport_vendor:/opt/ros/jazzy/opt/gz_rendering_vendor:/opt/ros/jazzy/opt/gz_plugin_vendor:/opt/ros/jazzy/opt/gz_fuel_tools_vendor:/opt/ros/jazzy/opt/gz_msgs_vendor:/opt/ros/jazzy/opt/gz_common_vendor:/opt/ros/jazzy/opt/gz_tools_vendor:/opt/ros/jazzy/opt/gz_ogre_next_vendor:/opt/ros/jazzy/opt/gz_dartsim_vendor:/opt/ros/jazzy/opt/gz_math_vendor:/opt/ros/jazzy/opt/gz_utils_vendor:/opt/ros/jazzy/opt/gz_cmake_vendor:/opt/ros/jazzy LD_LIBRARY_PATH=/home/thinal/turtlebot3_ws/install/turtlebot3_msgs/lib:${LD_LIBRARY_PATH} PYTHONPATH=/home/thinal/turtlebot3_ws/install/turtlebot3_msgs/lib/python3.12/site-packages:${PYTHONPATH} /usr/bin/cmake --install /home/thinal/turtlebot3_ws/build/turtlebot3_simulations
[4.120s] -- Install configuration: ""
[4.121s] -- Execute custom install script
[4.124s] -- Symlinking: /home/thinal/turtlebot3_ws/install/turtlebot3_simulations/share/ament_index/resource_index/package_run_dependencies/turtlebot3_simulations
[4.147s] -- Symlinking: /home/thinal/turtlebot3_ws/install/turtlebot3_simulations/share/ament_index/resource_index/parent_prefix_path/turtlebot3_simulations
[4.172s] -- Symlinking: /home/thinal/turtlebot3_ws/install/turtlebot3_simulations/share/turtlebot3_simulations/environment/ament_prefix_path.sh
[4.196s] -- Symlinking: /home/thinal/turtlebot3_ws/install/turtlebot3_simulations/share/turtlebot3_simulations/environment/ament_prefix_path.dsv
[4.220s] -- Symlinking: /home/thinal/turtlebot3_ws/install/turtlebot3_simulations/share/turtlebot3_simulations/environment/path.sh
[4.245s] -- Symlinking: /home/thinal/turtlebot3_ws/install/turtlebot3_simulations/share/turtlebot3_simulations/environment/path.dsv
[4.267s] -- Symlinking: /home/thinal/turtlebot3_ws/install/turtlebot3_simulations/share/turtlebot3_simulations/local_setup.bash
[4.292s] -- Symlinking: /home/thinal/turtlebot3_ws/install/turtlebot3_simulations/share/turtlebot3_simulations/local_setup.sh
[4.316s] -- Symlinking: /home/thinal/turtlebot3_ws/install/turtlebot3_simulations/share/turtlebot3_simulations/local_setup.zsh
[4.339s] -- Symlinking: /home/thinal/turtlebot3_ws/install/turtlebot3_simulations/share/turtlebot3_simulations/local_setup.dsv
[4.363s] -- Symlinking: /home/thinal/turtlebot3_ws/install/turtlebot3_simulations/share/turtlebot3_simulations/package.dsv
[4.390s] -- Symlinking: /home/thinal/turtlebot3_ws/install/turtlebot3_simulations/share/ament_index/resource_index/packages/turtlebot3_simulations
[4.415s] -- Symlinking: /home/thinal/turtlebot3_ws/install/turtlebot3_simulations/share/turtlebot3_simulations/cmake/turtlebot3_simulationsConfig.cmake
[4.439s] -- Symlinking: /home/thinal/turtlebot3_ws/install/turtlebot3_simulations/share/turtlebot3_simulations/cmake/turtlebot3_simulationsConfig-version.cmake
[4.463s] -- Symlinking: /home/thinal/turtlebot3_ws/install/turtlebot3_simulations/share/turtlebot3_simulations/package.xml
[4.491s] Invoked command in '/home/thinal/turtlebot3_ws/build/turtlebot3_simulations' returned '0': AMENT_PREFIX_PATH=/home/thinal/turtlebot3_ws/install/turtlebot3_fake_node:/home/thinal/turtlebot3_ws/install/turtlebot3_msgs:/home/thinal/turtlebot3_ws/install/turtlebot3_gazebo:${AMENT_PREFIX_PATH} CMAKE_PREFIX_PATH=/home/thinal/turtlebot3_ws/install/turtlebot3_fake_node:/home/thinal/turtlebot3_ws/install/turtlebot3_msgs:/home/thinal/turtlebot3_ws/install/turtlebot3_gazebo:/opt/ros/jazzy/opt/gz_sim_vendor:/opt/ros/jazzy/opt/gz_sensors_vendor:/opt/ros/jazzy/opt/gz_physics_vendor:/opt/ros/jazzy/opt/sdformat_vendor:/opt/ros/jazzy/opt/gz_gui_vendor:/opt/ros/jazzy/opt/gz_transport_vendor:/opt/ros/jazzy/opt/gz_rendering_vendor:/opt/ros/jazzy/opt/gz_plugin_vendor:/opt/ros/jazzy/opt/gz_fuel_tools_vendor:/opt/ros/jazzy/opt/gz_msgs_vendor:/opt/ros/jazzy/opt/gz_common_vendor:/opt/ros/jazzy/opt/gz_tools_vendor:/opt/ros/jazzy/opt/gz_ogre_next_vendor:/opt/ros/jazzy/opt/gz_dartsim_vendor:/opt/ros/jazzy/opt/gz_math_vendor:/opt/ros/jazzy/opt/gz_utils_vendor:/opt/ros/jazzy/opt/gz_cmake_vendor:/opt/ros/jazzy LD_LIBRARY_PATH=/home/thinal/turtlebot3_ws/install/turtlebot3_msgs/lib:${LD_LIBRARY_PATH} PYTHONPATH=/home/thinal/turtlebot3_ws/install/turtlebot3_msgs/lib/python3.12/site-packages:${PYTHONPATH} /usr/bin/cmake --install /home/thinal/turtlebot3_ws/build/turtlebot3_simulations
