[0.042s] Invoking command in '/home/thinal/turtlebot3_ws/build/turtlebot3_cartographer': CMAKE_PREFIX_PATH=${CMAKE_PREFIX_PATH}:/home/thinal/turtlebot3_ws/install/turtlebot3_teleop:/home/thinal/turtlebot3_ws/install/turtlebot3_example:/opt/ros/jazzy /usr/bin/cmake --build /home/thinal/turtlebot3_ws/build/turtlebot3_cartographer -- -j16 -l16
[0.280s] Invoked command in '/home/thinal/turtlebot3_ws/build/turtlebot3_cartographer' returned '0': CMAKE_PREFIX_PATH=${CMAKE_PREFIX_PATH}:/home/thinal/turtlebot3_ws/install/turtlebot3_teleop:/home/thinal/turtlebot3_ws/install/turtlebot3_example:/opt/ros/jazzy /usr/bin/cmake --build /home/thinal/turtlebot3_ws/build/turtlebot3_cartographer -- -j16 -l16
[0.281s] Invoking command in '/home/thinal/turtlebot3_ws/build/turtlebot3_cartographer': CMAKE_PREFIX_PATH=${CMAKE_PREFIX_PATH}:/home/thinal/turtlebot3_ws/install/turtlebot3_teleop:/home/thinal/turtlebot3_ws/install/turtlebot3_example:/opt/ros/jazzy /usr/bin/cmake --install /home/thinal/turtlebot3_ws/build/turtlebot3_cartographer
[0.291s] -- Install configuration: ""
[0.292s] -- Execute custom install script
[0.292s] -- Up-to-date symlink: /home/thinal/turtlebot3_ws/install/turtlebot3_cartographer/share/turtlebot3_cartographer/config/turtlebot3_lds_2d.lua
[0.293s] -- Up-to-date symlink: /home/thinal/turtlebot3_ws/install/turtlebot3_cartographer/share/turtlebot3_cartographer/launch/cartographer.launch.py
[0.293s] -- Up-to-date symlink: /home/thinal/turtlebot3_ws/install/turtlebot3_cartographer/share/turtlebot3_cartographer/launch/occupancy_grid.launch.py
[0.293s] -- Up-to-date symlink: /home/thinal/turtlebot3_ws/install/turtlebot3_cartographer/share/turtlebot3_cartographer/rviz/tb3_cartographer.rviz
[0.294s] -- Up-to-date symlink: /home/thinal/turtlebot3_ws/install/turtlebot3_cartographer/share/ament_index/resource_index/package_run_dependencies/turtlebot3_cartographer
[0.294s] -- Up-to-date symlink: /home/thinal/turtlebot3_ws/install/turtlebot3_cartographer/share/ament_index/resource_index/parent_prefix_path/turtlebot3_cartographer
[0.294s] -- Up-to-date symlink: /home/thinal/turtlebot3_ws/install/turtlebot3_cartographer/share/turtlebot3_cartographer/environment/ament_prefix_path.sh
[0.295s] -- Up-to-date symlink: /home/thinal/turtlebot3_ws/install/turtlebot3_cartographer/share/turtlebot3_cartographer/environment/ament_prefix_path.dsv
[0.296s] -- Up-to-date symlink: /home/thinal/turtlebot3_ws/install/turtlebot3_cartographer/share/turtlebot3_cartographer/environment/path.sh
[0.296s] -- Up-to-date symlink: /home/thinal/turtlebot3_ws/install/turtlebot3_cartographer/share/turtlebot3_cartographer/environment/path.dsv
[0.296s] -- Up-to-date symlink: /home/thinal/turtlebot3_ws/install/turtlebot3_cartographer/share/turtlebot3_cartographer/local_setup.bash
[0.296s] -- Up-to-date symlink: /home/thinal/turtlebot3_ws/install/turtlebot3_cartographer/share/turtlebot3_cartographer/local_setup.sh
[0.296s] -- Up-to-date symlink: /home/thinal/turtlebot3_ws/install/turtlebot3_cartographer/share/turtlebot3_cartographer/local_setup.zsh
[0.296s] -- Up-to-date symlink: /home/thinal/turtlebot3_ws/install/turtlebot3_cartographer/share/turtlebot3_cartographer/local_setup.dsv
[0.297s] -- Symlinking: /home/thinal/turtlebot3_ws/install/turtlebot3_cartographer/share/turtlebot3_cartographer/package.dsv
[0.315s] -- Up-to-date symlink: /home/thinal/turtlebot3_ws/install/turtlebot3_cartographer/share/ament_index/resource_index/packages/turtlebot3_cartographer
[0.318s] -- Up-to-date symlink: /home/thinal/turtlebot3_ws/install/turtlebot3_cartographer/share/turtlebot3_cartographer/cmake/turtlebot3_cartographerConfig.cmake
[0.318s] -- Up-to-date symlink: /home/thinal/turtlebot3_ws/install/turtlebot3_cartographer/share/turtlebot3_cartographer/cmake/turtlebot3_cartographerConfig-version.cmake
[0.322s] -- Up-to-date symlink: /home/thinal/turtlebot3_ws/install/turtlebot3_cartographer/share/turtlebot3_cartographer/package.xml
[0.326s] Invoked command in '/home/thinal/turtlebot3_ws/build/turtlebot3_cartographer' returned '0': CMAKE_PREFIX_PATH=${CMAKE_PREFIX_PATH}:/home/thinal/turtlebot3_ws/install/turtlebot3_teleop:/home/thinal/turtlebot3_ws/install/turtlebot3_example:/opt/ros/jazzy /usr/bin/cmake --install /home/thinal/turtlebot3_ws/build/turtlebot3_cartographer
