[0.085s] Invoking command in '/home/thinal/turtlebot3_ws/build/turtlebot3_msgs': CMAKE_PREFIX_PATH=${CMAKE_PREFIX_PATH}:/opt/ros/jazzy /usr/bin/cmake /home/thinal/turtlebot3_ws/src/turtlebot3_msgs -DAMENT_CMAKE_SYMLINK_INSTALL=1 -DCMAKE_INSTALL_PREFIX=/home/thinal/turtlebot3_ws/install/turtlebot3_msgs
[0.482s] -- The C compiler identification is GNU 13.3.0
[0.996s] -- The CXX compiler identification is GNU 13.3.0
[1.410s] -- Detecting C compiler ABI info
[1.802s] -- Detecting C compiler ABI info - done
[1.821s] -- Check for working C compiler: /usr/bin/cc - skipped
[1.822s] -- Detecting C compile features
[1.822s] -- Detecting C compile features - done
[1.911s] -- Detecting CXX compiler ABI info
[2.331s] -- Detecting CXX compiler ABI info - done
[2.347s] -- Check for working CXX compiler: /usr/bin/c++ - skipped
[2.347s] -- Detecting CXX compile features
[2.348s] -- Detecting CXX compile features - done
[2.366s] -- Found action_msgs: 2.0.3 (/opt/ros/jazzy/share/action_msgs/cmake)
[2.678s] -- Found Python3: /usr/bin/python3 (found version "3.12.3") found components: Interpreter 
[2.810s] -- Override CMake install command with custom implementation using symlinks instead of copying resources
[3.199s] -- Found rosidl_generator_c: 4.6.6 (/opt/ros/jazzy/share/rosidl_generator_c/cmake)
[3.239s] -- Found rosidl_generator_cpp: 4.6.6 (/opt/ros/jazzy/share/rosidl_generator_cpp/cmake)
[3.292s] -- Using all available rosidl_typesupport_c: rosidl_typesupport_fastrtps_c;rosidl_typesupport_introspection_c
[3.341s] -- Using all available rosidl_typesupport_cpp: rosidl_typesupport_fastrtps_cpp;rosidl_typesupport_introspection_cpp
[3.507s] -- Found rosidl_default_generators: 1.6.0 (/opt/ros/jazzy/share/rosidl_default_generators/cmake)
[3.566s] -- Found rosidl_adapter: 4.6.6 (/opt/ros/jazzy/share/rosidl_adapter/cmake)
[3.579s] -- Found std_msgs: 5.3.6 (/opt/ros/jazzy/share/std_msgs/cmake)
[3.627s] -- Found geometry_msgs: 5.3.6 (/opt/ros/jazzy/share/geometry_msgs/cmake)
[4.814s] -- Found ament_cmake_cppcheck: 0.17.3 (/opt/ros/jazzy/share/ament_cmake_cppcheck/cmake)
[4.824s] -- Found ament_cmake_cpplint: 0.17.3 (/opt/ros/jazzy/share/ament_cmake_cpplint/cmake)
[4.835s] -- Found ament_cmake_uncrustify: 0.17.3 (/opt/ros/jazzy/share/ament_cmake_uncrustify/cmake)
[4.846s] -- Found ament_cmake_ros: 0.12.0 (/opt/ros/jazzy/share/ament_cmake_ros/cmake)
[6.359s] -- Using all available rosidl_typesupport_c: rosidl_typesupport_fastrtps_c;rosidl_typesupport_introspection_c
[6.935s] -- Using all available rosidl_typesupport_cpp: rosidl_typesupport_fastrtps_cpp;rosidl_typesupport_introspection_cpp
[6.956s] -- Found python_cmake_module: 0.11.1 (/opt/ros/jazzy/share/python_cmake_module/cmake)
[7.181s] -- Found PythonExtra: /usr/bin/python3  
[7.949s] -- Found Python3: /usr/bin/python3 (found version "3.12.3") found components: Interpreter Development NumPy Development.Module Development.Embed 
[8.070s] -- Found ament_cmake_flake8: 0.17.3 (/opt/ros/jazzy/share/ament_cmake_flake8/cmake)
[8.085s] -- Found ament_cmake_pep257: 0.17.3 (/opt/ros/jazzy/share/ament_cmake_pep257/cmake)
[8.120s] -- Configuring done (8.0s)
[8.302s] -- Generating done (0.2s)
[8.329s] -- Build files have been written to: /home/thinal/turtlebot3_ws/build/turtlebot3_msgs
[8.355s] Invoked command in '/home/thinal/turtlebot3_ws/build/turtlebot3_msgs' returned '0': CMAKE_PREFIX_PATH=${CMAKE_PREFIX_PATH}:/opt/ros/jazzy /usr/bin/cmake /home/thinal/turtlebot3_ws/src/turtlebot3_msgs -DAMENT_CMAKE_SYMLINK_INSTALL=1 -DCMAKE_INSTALL_PREFIX=/home/thinal/turtlebot3_ws/install/turtlebot3_msgs
[8.357s] Invoking command in '/home/thinal/turtlebot3_ws/build/turtlebot3_msgs': CMAKE_PREFIX_PATH=${CMAKE_PREFIX_PATH}:/opt/ros/jazzy /usr/bin/cmake --build /home/thinal/turtlebot3_ws/build/turtlebot3_msgs -- -j16 -l16
[8.505s] [  1%] [34m[1mGenerating type hashes for ROS interfaces[0m
[8.526s] [  1%] Built target ament_cmake_python_symlink_turtlebot3_msgs
[8.927s] running egg_info
[8.928s] creating turtlebot3_msgs.egg-info
[8.965s] writing turtlebot3_msgs.egg-info/PKG-INFO
[8.965s] writing dependency_links to turtlebot3_msgs.egg-info/dependency_links.txt
[8.965s] writing top-level names to turtlebot3_msgs.egg-info/top_level.txt
[8.965s] writing manifest file 'turtlebot3_msgs.egg-info/SOURCES.txt'
[9.083s] reading manifest file 'turtlebot3_msgs.egg-info/SOURCES.txt'
[9.084s] writing manifest file 'turtlebot3_msgs.egg-info/SOURCES.txt'
[9.136s] [  1%] Built target ament_cmake_python_build_turtlebot3_msgs_egg
[9.297s] [  1%] Built target turtlebot3_msgs__rosidl_generator_type_description
[9.320s] [  2%] [34m[1mGenerating C code for ROS interfaces[0m
[9.345s] [  3%] [34m[1mGenerating C++ code for ROS interfaces[0m
[11.047s] [  3%] Built target turtlebot3_msgs__cpp
[11.251s] [  5%] [32mBuilding C object CMakeFiles/turtlebot3_msgs__rosidl_generator_c.dir/rosidl_generator_c/turtlebot3_msgs/msg/detail/version_info__description.c.o[0m
[11.252s] [  6%] [32mBuilding C object CMakeFiles/turtlebot3_msgs__rosidl_generator_c.dir/rosidl_generator_c/turtlebot3_msgs/msg/detail/sound__functions.c.o[0m
[11.253s] [  5%] [32mBuilding C object CMakeFiles/turtlebot3_msgs__rosidl_generator_c.dir/rosidl_generator_c/turtlebot3_msgs/msg/detail/version_info__type_support.c.o[0m
[11.253s] [  7%] [32mBuilding C object CMakeFiles/turtlebot3_msgs__rosidl_generator_c.dir/rosidl_generator_c/turtlebot3_msgs/msg/detail/version_info__functions.c.o[0m
[11.254s] [  8%] [32mBuilding C object CMakeFiles/turtlebot3_msgs__rosidl_generator_c.dir/rosidl_generator_c/turtlebot3_msgs/msg/detail/sensor_state__functions.c.o[0m
[11.254s] [  9%] [32mBuilding C object CMakeFiles/turtlebot3_msgs__rosidl_generator_c.dir/rosidl_generator_c/turtlebot3_msgs/srv/detail/dqn__description.c.o[0m
[11.255s] [ 11%] [32mBuilding C object CMakeFiles/turtlebot3_msgs__rosidl_generator_c.dir/rosidl_generator_c/turtlebot3_msgs/srv/detail/sound__type_support.c.o[0m
[11.256s] [ 12%] [32mBuilding C object CMakeFiles/turtlebot3_msgs__rosidl_generator_c.dir/rosidl_generator_c/turtlebot3_msgs/msg/detail/sound__type_support.c.o[0m
[11.256s] [ 13%] [32mBuilding C object CMakeFiles/turtlebot3_msgs__rosidl_generator_c.dir/rosidl_generator_c/turtlebot3_msgs/srv/detail/sound__description.c.o[0m
[11.256s] [ 11%] [32mBuilding C object CMakeFiles/turtlebot3_msgs__rosidl_generator_c.dir/rosidl_generator_c/turtlebot3_msgs/msg/detail/sensor_state__description.c.o[0m
[11.256s] [ 15%] [32mBuilding C object CMakeFiles/turtlebot3_msgs__rosidl_generator_c.dir/rosidl_generator_c/turtlebot3_msgs/msg/detail/sound__description.c.o[0m
[11.257s] [ 17%] [32mBuilding C object CMakeFiles/turtlebot3_msgs__rosidl_generator_c.dir/rosidl_generator_c/turtlebot3_msgs/srv/detail/sound__functions.c.o[0m
[11.257s] [ 17%] [32mBuilding C object CMakeFiles/turtlebot3_msgs__rosidl_generator_c.dir/rosidl_generator_c/turtlebot3_msgs/msg/detail/sensor_state__type_support.c.o[0m
[11.261s] [ 18%] [32mBuilding C object CMakeFiles/turtlebot3_msgs__rosidl_generator_c.dir/rosidl_generator_c/turtlebot3_msgs/srv/detail/dqn__functions.c.o[0m
[11.269s] [ 19%] [32mBuilding C object CMakeFiles/turtlebot3_msgs__rosidl_generator_c.dir/rosidl_generator_c/turtlebot3_msgs/srv/detail/goal__description.c.o[0m
[11.279s] [ 20%] [32mBuilding C object CMakeFiles/turtlebot3_msgs__rosidl_generator_c.dir/rosidl_generator_c/turtlebot3_msgs/srv/detail/dqn__type_support.c.o[0m
[11.400s] [ 21%] [32mBuilding C object CMakeFiles/turtlebot3_msgs__rosidl_generator_c.dir/rosidl_generator_c/turtlebot3_msgs/srv/detail/goal__type_support.c.o[0m
[11.401s] [ 22%] [32mBuilding C object CMakeFiles/turtlebot3_msgs__rosidl_generator_c.dir/rosidl_generator_c/turtlebot3_msgs/srv/detail/goal__functions.c.o[0m
[11.401s] [ 23%] [32mBuilding C object CMakeFiles/turtlebot3_msgs__rosidl_generator_c.dir/rosidl_generator_c/turtlebot3_msgs/action/detail/patrol__description.c.o[0m
[11.407s] [ 24%] [32mBuilding C object CMakeFiles/turtlebot3_msgs__rosidl_generator_c.dir/rosidl_generator_c/turtlebot3_msgs/action/detail/patrol__type_support.c.o[0m
[11.407s] [ 25%] [32mBuilding C object CMakeFiles/turtlebot3_msgs__rosidl_generator_c.dir/rosidl_generator_c/turtlebot3_msgs/action/detail/patrol__functions.c.o[0m
[11.660s] [ 26%] [32m[1mLinking C shared library libturtlebot3_msgs__rosidl_generator_c.so[0m
[11.866s] [ 26%] Built target turtlebot3_msgs__rosidl_generator_c
[11.896s] [ 27%] [34m[1mGenerating C introspection for ROS interfaces[0m
[11.899s] [ 28%] [34m[1mGenerating C++ type support for eProsima Fast-RTPS[0m
[11.908s] [ 29%] [34m[1mGenerating C type support dispatch for ROS interfaces[0m
[11.909s] [ 30%] [34m[1mGenerating C++ type support dispatch for ROS interfaces[0m
[11.909s] [ 31%] [34m[1mGenerating C++ introspection for ROS interfaces[0m
[11.919s] [ 32%] [34m[1mGenerating C type support for eProsima Fast-RTPS[0m
[13.076s] [ 34%] [32mBuilding CXX object CMakeFiles/turtlebot3_msgs__rosidl_typesupport_c.dir/rosidl_typesupport_c/turtlebot3_msgs/srv/dqn__type_support.cpp.o[0m
[13.076s] [ 36%] [32mBuilding CXX object CMakeFiles/turtlebot3_msgs__rosidl_typesupport_c.dir/rosidl_typesupport_c/turtlebot3_msgs/srv/sound__type_support.cpp.o[0m
[13.077s] [ 36%] [32mBuilding CXX object CMakeFiles/turtlebot3_msgs__rosidl_typesupport_c.dir/rosidl_typesupport_c/turtlebot3_msgs/msg/version_info__type_support.cpp.o[0m
[13.077s] [ 37%] [32mBuilding CXX object CMakeFiles/turtlebot3_msgs__rosidl_typesupport_c.dir/rosidl_typesupport_c/turtlebot3_msgs/msg/sound__type_support.cpp.o[0m
[13.077s] [ 38%] [32mBuilding CXX object CMakeFiles/turtlebot3_msgs__rosidl_typesupport_c.dir/rosidl_typesupport_c/turtlebot3_msgs/msg/sensor_state__type_support.cpp.o[0m
[13.078s] [ 39%] [32mBuilding CXX object CMakeFiles/turtlebot3_msgs__rosidl_typesupport_c.dir/rosidl_typesupport_c/turtlebot3_msgs/srv/goal__type_support.cpp.o[0m
[13.087s] [ 40%] [32mBuilding CXX object CMakeFiles/turtlebot3_msgs__rosidl_typesupport_c.dir/rosidl_typesupport_c/turtlebot3_msgs/action/patrol__type_support.cpp.o[0m
[13.177s] [ 41%] [32mBuilding CXX object CMakeFiles/turtlebot3_msgs__rosidl_typesupport_cpp.dir/rosidl_typesupport_cpp/turtlebot3_msgs/srv/sound__type_support.cpp.o[0m
[13.177s] [ 42%] [32mBuilding CXX object CMakeFiles/turtlebot3_msgs__rosidl_typesupport_cpp.dir/rosidl_typesupport_cpp/turtlebot3_msgs/msg/version_info__type_support.cpp.o[0m
[13.178s] [ 43%] [32mBuilding CXX object CMakeFiles/turtlebot3_msgs__rosidl_typesupport_cpp.dir/rosidl_typesupport_cpp/turtlebot3_msgs/msg/sensor_state__type_support.cpp.o[0m
[13.178s] [ 44%] [32mBuilding CXX object CMakeFiles/turtlebot3_msgs__rosidl_typesupport_cpp.dir/rosidl_typesupport_cpp/turtlebot3_msgs/msg/sound__type_support.cpp.o[0m
[13.180s] [ 45%] [32mBuilding CXX object CMakeFiles/turtlebot3_msgs__rosidl_typesupport_cpp.dir/rosidl_typesupport_cpp/turtlebot3_msgs/srv/dqn__type_support.cpp.o[0m
[13.216s] [ 46%] [32mBuilding CXX object CMakeFiles/turtlebot3_msgs__rosidl_typesupport_cpp.dir/rosidl_typesupport_cpp/turtlebot3_msgs/srv/goal__type_support.cpp.o[0m
[13.217s] [ 47%] [32mBuilding CXX object CMakeFiles/turtlebot3_msgs__rosidl_typesupport_cpp.dir/rosidl_typesupport_cpp/turtlebot3_msgs/action/patrol__type_support.cpp.o[0m
[13.254s] [ 48%] [32m[1mLinking CXX shared library libturtlebot3_msgs__rosidl_typesupport_c.so[0m
[13.391s] [ 54%] [32mBuilding CXX object CMakeFiles/turtlebot3_msgs__rosidl_typesupport_introspection_cpp.dir/rosidl_typesupport_introspection_cpp/turtlebot3_msgs/srv/detail/sound__type_support.cpp.o[0m
[13.392s] [ 54%] [32mBuilding CXX object CMakeFiles/turtlebot3_msgs__rosidl_typesupport_introspection_cpp.dir/rosidl_typesupport_introspection_cpp/turtlebot3_msgs/msg/detail/sensor_state__type_support.cpp.o[0m
[13.392s] [ 54%] [32mBuilding CXX object CMakeFiles/turtlebot3_msgs__rosidl_typesupport_introspection_cpp.dir/rosidl_typesupport_introspection_cpp/turtlebot3_msgs/msg/detail/version_info__type_support.cpp.o[0m
[13.392s] [ 54%] [32mBuilding CXX object CMakeFiles/turtlebot3_msgs__rosidl_typesupport_introspection_cpp.dir/rosidl_typesupport_introspection_cpp/turtlebot3_msgs/srv/detail/dqn__type_support.cpp.o[0m
[13.393s] [ 54%] [32mBuilding CXX object CMakeFiles/turtlebot3_msgs__rosidl_typesupport_introspection_cpp.dir/rosidl_typesupport_introspection_cpp/turtlebot3_msgs/msg/detail/sound__type_support.cpp.o[0m
[13.640s] [ 54%] Built target turtlebot3_msgs__rosidl_typesupport_c
[13.702s] [ 55%] [32mBuilding CXX object CMakeFiles/turtlebot3_msgs__rosidl_typesupport_introspection_cpp.dir/rosidl_typesupport_introspection_cpp/turtlebot3_msgs/srv/detail/goal__type_support.cpp.o[0m
[13.805s] [ 56%] [32mBuilding C object CMakeFiles/turtlebot3_msgs__rosidl_typesupport_introspection_c.dir/rosidl_typesupport_introspection_c/turtlebot3_msgs/msg/detail/sensor_state__type_support.c.o[0m
[13.968s] [ 57%] [32mBuilding C object CMakeFiles/turtlebot3_msgs__rosidl_typesupport_introspection_c.dir/rosidl_typesupport_introspection_c/turtlebot3_msgs/msg/detail/sound__type_support.c.o[0m
[14.028s] [ 59%] [32mBuilding CXX object CMakeFiles/turtlebot3_msgs__rosidl_typesupport_introspection_cpp.dir/rosidl_typesupport_introspection_cpp/turtlebot3_msgs/action/detail/patrol__type_support.cpp.o[0m
[14.029s] [ 59%] [32mBuilding C object CMakeFiles/turtlebot3_msgs__rosidl_typesupport_introspection_c.dir/rosidl_typesupport_introspection_c/turtlebot3_msgs/msg/detail/version_info__type_support.c.o[0m
[14.054s] [ 60%] [32mBuilding C object CMakeFiles/turtlebot3_msgs__rosidl_typesupport_introspection_c.dir/rosidl_typesupport_introspection_c/turtlebot3_msgs/srv/detail/sound__type_support.c.o[0m
[14.088s] [ 61%] [32mBuilding C object CMakeFiles/turtlebot3_msgs__rosidl_typesupport_introspection_c.dir/rosidl_typesupport_introspection_c/turtlebot3_msgs/srv/detail/dqn__type_support.c.o[0m
[14.183s] [ 62%] [32mBuilding C object CMakeFiles/turtlebot3_msgs__rosidl_typesupport_introspection_c.dir/rosidl_typesupport_introspection_c/turtlebot3_msgs/srv/detail/goal__type_support.c.o[0m
[14.229s] [ 63%] [32mBuilding C object CMakeFiles/turtlebot3_msgs__rosidl_typesupport_introspection_c.dir/rosidl_typesupport_introspection_c/turtlebot3_msgs/action/detail/patrol__type_support.c.o[0m
[14.293s] [ 64%] [32mBuilding CXX object CMakeFiles/turtlebot3_msgs__rosidl_typesupport_fastrtps_cpp.dir/rosidl_typesupport_fastrtps_cpp/turtlebot3_msgs/msg/detail/dds_fastrtps/sensor_state__type_support.cpp.o[0m
[14.293s] [ 67%] [32mBuilding CXX object CMakeFiles/turtlebot3_msgs__rosidl_typesupport_fastrtps_cpp.dir/rosidl_typesupport_fastrtps_cpp/turtlebot3_msgs/msg/detail/dds_fastrtps/sound__type_support.cpp.o[0m
[14.293s] [ 67%] [32mBuilding CXX object CMakeFiles/turtlebot3_msgs__rosidl_typesupport_fastrtps_cpp.dir/rosidl_typesupport_fastrtps_cpp/turtlebot3_msgs/srv/detail/dds_fastrtps/dqn__type_support.cpp.o[0m
[14.293s] [ 68%] [32mBuilding CXX object CMakeFiles/turtlebot3_msgs__rosidl_typesupport_fastrtps_cpp.dir/rosidl_typesupport_fastrtps_cpp/turtlebot3_msgs/srv/detail/dds_fastrtps/sound__type_support.cpp.o[0m
[14.293s] [ 69%] [32mBuilding CXX object CMakeFiles/turtlebot3_msgs__rosidl_typesupport_fastrtps_cpp.dir/rosidl_typesupport_fastrtps_cpp/turtlebot3_msgs/msg/detail/dds_fastrtps/version_info__type_support.cpp.o[0m
[14.295s] [ 70%] [32mBuilding CXX object CMakeFiles/turtlebot3_msgs__rosidl_typesupport_fastrtps_c.dir/rosidl_typesupport_fastrtps_c/turtlebot3_msgs/msg/detail/sound__type_support_c.cpp.o[0m
[14.297s] [ 71%] [32mBuilding CXX object CMakeFiles/turtlebot3_msgs__rosidl_typesupport_fastrtps_cpp.dir/rosidl_typesupport_fastrtps_cpp/turtlebot3_msgs/srv/detail/dds_fastrtps/goal__type_support.cpp.o[0m
[14.297s] [ 72%] [32mBuilding CXX object CMakeFiles/turtlebot3_msgs__rosidl_typesupport_fastrtps_cpp.dir/rosidl_typesupport_fastrtps_cpp/turtlebot3_msgs/action/detail/dds_fastrtps/patrol__type_support.cpp.o[0m
[14.299s] [ 73%] [32mBuilding CXX object CMakeFiles/turtlebot3_msgs__rosidl_typesupport_fastrtps_c.dir/rosidl_typesupport_fastrtps_c/turtlebot3_msgs/msg/detail/sensor_state__type_support_c.cpp.o[0m
[14.323s] [ 74%] [32mBuilding CXX object CMakeFiles/turtlebot3_msgs__rosidl_typesupport_fastrtps_c.dir/rosidl_typesupport_fastrtps_c/turtlebot3_msgs/msg/detail/version_info__type_support_c.cpp.o[0m
[14.413s] [ 75%] [32m[1mLinking C shared library libturtlebot3_msgs__rosidl_typesupport_introspection_c.so[0m
[14.438s] [ 76%] [32mBuilding CXX object CMakeFiles/turtlebot3_msgs__rosidl_typesupport_fastrtps_c.dir/rosidl_typesupport_fastrtps_c/turtlebot3_msgs/srv/detail/sound__type_support_c.cpp.o[0m
[14.584s] [ 77%] [32mBuilding CXX object CMakeFiles/turtlebot3_msgs__rosidl_typesupport_fastrtps_c.dir/rosidl_typesupport_fastrtps_c/turtlebot3_msgs/srv/detail/dqn__type_support_c.cpp.o[0m
[14.625s] [ 77%] Built target turtlebot3_msgs__rosidl_typesupport_introspection_c
[14.657s] [ 78%] [32mBuilding CXX object CMakeFiles/turtlebot3_msgs__rosidl_typesupport_fastrtps_c.dir/rosidl_typesupport_fastrtps_c/turtlebot3_msgs/srv/detail/goal__type_support_c.cpp.o[0m
[14.822s] [ 79%] [32mBuilding CXX object CMakeFiles/turtlebot3_msgs__rosidl_typesupport_fastrtps_c.dir/rosidl_typesupport_fastrtps_c/turtlebot3_msgs/action/detail/patrol__type_support_c.cpp.o[0m
[14.949s] [ 80%] [32m[1mLinking CXX shared library libturtlebot3_msgs__rosidl_typesupport_cpp.so[0m
[15.424s] [ 80%] Built target turtlebot3_msgs__rosidl_typesupport_cpp
[15.803s] [ 81%] [32m[1mLinking CXX shared library libturtlebot3_msgs__rosidl_typesupport_introspection_cpp.so[0m
[16.118s] [ 81%] Built target turtlebot3_msgs__rosidl_typesupport_introspection_cpp
[16.638s] [ 84%] [32m[1mLinking CXX shared library libturtlebot3_msgs__rosidl_typesupport_fastrtps_c.so[0m
[16.638s] [ 84%] [32m[1mLinking CXX shared library libturtlebot3_msgs__rosidl_typesupport_fastrtps_cpp.so[0m
[16.865s] [ 84%] Built target turtlebot3_msgs__rosidl_typesupport_fastrtps_c
[16.883s] [ 84%] Built target turtlebot3_msgs__rosidl_typesupport_fastrtps_cpp
[16.933s] [ 84%] Built target turtlebot3_msgs
[16.989s] [ 85%] [34m[1mGenerating Python code for ROS interfaces[0m
[19.752s] [ 85%] Built target turtlebot3_msgs__py
[19.816s] [ 90%] [32mBuilding C object CMakeFiles/turtlebot3_msgs__rosidl_generator_py.dir/rosidl_generator_py/turtlebot3_msgs/msg/_sound_s.c.o[0m
[19.816s] [ 90%] [32mBuilding C object CMakeFiles/turtlebot3_msgs__rosidl_generator_py.dir/rosidl_generator_py/turtlebot3_msgs/srv/_dqn_s.c.o[0m
[19.816s] [ 90%] [32mBuilding C object CMakeFiles/turtlebot3_msgs__rosidl_generator_py.dir/rosidl_generator_py/turtlebot3_msgs/msg/_version_info_s.c.o[0m
[19.816s] [ 90%] [32mBuilding C object CMakeFiles/turtlebot3_msgs__rosidl_generator_py.dir/rosidl_generator_py/turtlebot3_msgs/srv/_sound_s.c.o[0m
[19.816s] [ 90%] [32mBuilding C object CMakeFiles/turtlebot3_msgs__rosidl_generator_py.dir/rosidl_generator_py/turtlebot3_msgs/msg/_sensor_state_s.c.o[0m
[19.820s] [ 91%] [32mBuilding C object CMakeFiles/turtlebot3_msgs__rosidl_generator_py.dir/rosidl_generator_py/turtlebot3_msgs/srv/_goal_s.c.o[0m
[19.820s] [ 92%] [32mBuilding C object CMakeFiles/turtlebot3_msgs__rosidl_generator_py.dir/rosidl_generator_py/turtlebot3_msgs/action/_patrol_s.c.o[0m
[20.297s] [ 93%] [32m[1mLinking C shared library libturtlebot3_msgs__rosidl_generator_py.so[0m
[20.519s] [ 93%] Built target turtlebot3_msgs__rosidl_generator_py
[20.576s] [ 96%] [32mBuilding C object CMakeFiles/turtlebot3_msgs_s__rosidl_typesupport_introspection_c.dir/rosidl_generator_py/turtlebot3_msgs/_turtlebot3_msgs_s.ep.rosidl_typesupport_introspection_c.c.o[0m
[20.576s] [ 96%] [32mBuilding C object CMakeFiles/turtlebot3_msgs_s__rosidl_typesupport_fastrtps_c.dir/rosidl_generator_py/turtlebot3_msgs/_turtlebot3_msgs_s.ep.rosidl_typesupport_fastrtps_c.c.o[0m
[20.576s] [ 96%] [32mBuilding C object CMakeFiles/turtlebot3_msgs_s__rosidl_typesupport_c.dir/rosidl_generator_py/turtlebot3_msgs/_turtlebot3_msgs_s.ep.rosidl_typesupport_c.c.o[0m
[20.891s] [ 97%] [32m[1mLinking C shared module rosidl_generator_py/turtlebot3_msgs/turtlebot3_msgs_s__rosidl_typesupport_introspection_c.so[0m
[20.910s] [ 98%] [32m[1mLinking C shared module rosidl_generator_py/turtlebot3_msgs/turtlebot3_msgs_s__rosidl_typesupport_fastrtps_c.so[0m
[20.926s] [100%] [32m[1mLinking C shared module rosidl_generator_py/turtlebot3_msgs/turtlebot3_msgs_s__rosidl_typesupport_c.so[0m
[21.033s] [100%] Built target turtlebot3_msgs_s__rosidl_typesupport_introspection_c
[21.045s] [100%] Built target turtlebot3_msgs_s__rosidl_typesupport_c
[21.053s] [100%] Built target turtlebot3_msgs_s__rosidl_typesupport_fastrtps_c
[21.086s] Invoked command in '/home/thinal/turtlebot3_ws/build/turtlebot3_msgs' returned '0': CMAKE_PREFIX_PATH=${CMAKE_PREFIX_PATH}:/opt/ros/jazzy /usr/bin/cmake --build /home/thinal/turtlebot3_ws/build/turtlebot3_msgs -- -j16 -l16
[21.089s] Invoking command in '/home/thinal/turtlebot3_ws/build/turtlebot3_msgs': CMAKE_PREFIX_PATH=${CMAKE_PREFIX_PATH}:/opt/ros/jazzy /usr/bin/cmake --install /home/thinal/turtlebot3_ws/build/turtlebot3_msgs
[21.110s] -- Install configuration: ""
[21.111s] -- Execute custom install script
[21.116s] -- Symlinking: /home/thinal/turtlebot3_ws/install/turtlebot3_msgs/share/ament_index/resource_index/rosidl_interfaces/turtlebot3_msgs
[21.140s] -- Symlinking: /home/thinal/turtlebot3_ws/install/turtlebot3_msgs/share/turtlebot3_msgs/msg/SensorState.json
[21.160s] -- Symlinking: /home/thinal/turtlebot3_ws/install/turtlebot3_msgs/share/turtlebot3_msgs/msg/Sound.json
[21.181s] -- Symlinking: /home/thinal/turtlebot3_ws/install/turtlebot3_msgs/share/turtlebot3_msgs/msg/VersionInfo.json
[21.203s] -- Symlinking: /home/thinal/turtlebot3_ws/install/turtlebot3_msgs/share/turtlebot3_msgs/srv/Sound.json
[21.224s] -- Symlinking: /home/thinal/turtlebot3_ws/install/turtlebot3_msgs/share/turtlebot3_msgs/srv/Dqn.json
[21.245s] -- Symlinking: /home/thinal/turtlebot3_ws/install/turtlebot3_msgs/share/turtlebot3_msgs/srv/Goal.json
[21.267s] -- Symlinking: /home/thinal/turtlebot3_ws/install/turtlebot3_msgs/share/turtlebot3_msgs/action/Patrol.json
[21.293s] -- Symlinking: /home/thinal/turtlebot3_ws/install/turtlebot3_msgs/include/turtlebot3_msgs/turtlebot3_msgs/action/detail/patrol__functions.h
[21.315s] -- Symlinking: /home/thinal/turtlebot3_ws/install/turtlebot3_msgs/include/turtlebot3_msgs/turtlebot3_msgs/action/detail/patrol__struct.h
[21.336s] -- Symlinking: /home/thinal/turtlebot3_ws/install/turtlebot3_msgs/include/turtlebot3_msgs/turtlebot3_msgs/action/detail/patrol__type_support.h
[21.359s] -- Symlinking: /home/thinal/turtlebot3_ws/install/turtlebot3_msgs/include/turtlebot3_msgs/turtlebot3_msgs/action/patrol.h
[21.386s] -- Symlinking: /home/thinal/turtlebot3_ws/install/turtlebot3_msgs/include/turtlebot3_msgs/turtlebot3_msgs/msg/detail/sensor_state__functions.h
[21.412s] -- Symlinking: /home/thinal/turtlebot3_ws/install/turtlebot3_msgs/include/turtlebot3_msgs/turtlebot3_msgs/msg/detail/sensor_state__struct.h
[21.433s] -- Symlinking: /home/thinal/turtlebot3_ws/install/turtlebot3_msgs/include/turtlebot3_msgs/turtlebot3_msgs/msg/detail/sensor_state__type_support.h
[21.456s] -- Symlinking: /home/thinal/turtlebot3_ws/install/turtlebot3_msgs/include/turtlebot3_msgs/turtlebot3_msgs/msg/detail/sound__functions.h
[21.481s] -- Symlinking: /home/thinal/turtlebot3_ws/install/turtlebot3_msgs/include/turtlebot3_msgs/turtlebot3_msgs/msg/detail/sound__struct.h
[21.504s] -- Symlinking: /home/thinal/turtlebot3_ws/install/turtlebot3_msgs/include/turtlebot3_msgs/turtlebot3_msgs/msg/detail/sound__type_support.h
[21.526s] -- Symlinking: /home/thinal/turtlebot3_ws/install/turtlebot3_msgs/include/turtlebot3_msgs/turtlebot3_msgs/msg/detail/version_info__functions.h
[21.549s] -- Symlinking: /home/thinal/turtlebot3_ws/install/turtlebot3_msgs/include/turtlebot3_msgs/turtlebot3_msgs/msg/detail/version_info__struct.h
[21.572s] -- Symlinking: /home/thinal/turtlebot3_ws/install/turtlebot3_msgs/include/turtlebot3_msgs/turtlebot3_msgs/msg/detail/version_info__type_support.h
[21.595s] -- Symlinking: /home/thinal/turtlebot3_ws/install/turtlebot3_msgs/include/turtlebot3_msgs/turtlebot3_msgs/msg/rosidl_generator_c__visibility_control.h
[21.619s] -- Symlinking: /home/thinal/turtlebot3_ws/install/turtlebot3_msgs/include/turtlebot3_msgs/turtlebot3_msgs/msg/sensor_state.h
[21.642s] -- Symlinking: /home/thinal/turtlebot3_ws/install/turtlebot3_msgs/include/turtlebot3_msgs/turtlebot3_msgs/msg/sound.h
[21.667s] -- Symlinking: /home/thinal/turtlebot3_ws/install/turtlebot3_msgs/include/turtlebot3_msgs/turtlebot3_msgs/msg/version_info.h
[21.691s] -- Symlinking: /home/thinal/turtlebot3_ws/install/turtlebot3_msgs/include/turtlebot3_msgs/turtlebot3_msgs/srv/detail/dqn__functions.h
[21.713s] -- Symlinking: /home/thinal/turtlebot3_ws/install/turtlebot3_msgs/include/turtlebot3_msgs/turtlebot3_msgs/srv/detail/dqn__struct.h
[21.736s] -- Symlinking: /home/thinal/turtlebot3_ws/install/turtlebot3_msgs/include/turtlebot3_msgs/turtlebot3_msgs/srv/detail/dqn__type_support.h
[21.764s] -- Symlinking: /home/thinal/turtlebot3_ws/install/turtlebot3_msgs/include/turtlebot3_msgs/turtlebot3_msgs/srv/detail/goal__functions.h
[21.788s] -- Symlinking: /home/thinal/turtlebot3_ws/install/turtlebot3_msgs/include/turtlebot3_msgs/turtlebot3_msgs/srv/detail/goal__struct.h
[21.811s] -- Symlinking: /home/thinal/turtlebot3_ws/install/turtlebot3_msgs/include/turtlebot3_msgs/turtlebot3_msgs/srv/detail/goal__type_support.h
[21.833s] -- Symlinking: /home/thinal/turtlebot3_ws/install/turtlebot3_msgs/include/turtlebot3_msgs/turtlebot3_msgs/srv/detail/sound__functions.h
[21.861s] -- Symlinking: /home/thinal/turtlebot3_ws/install/turtlebot3_msgs/include/turtlebot3_msgs/turtlebot3_msgs/srv/detail/sound__struct.h
[21.889s] -- Symlinking: /home/thinal/turtlebot3_ws/install/turtlebot3_msgs/include/turtlebot3_msgs/turtlebot3_msgs/srv/detail/sound__type_support.h
[21.915s] -- Symlinking: /home/thinal/turtlebot3_ws/install/turtlebot3_msgs/include/turtlebot3_msgs/turtlebot3_msgs/srv/dqn.h
[21.937s] -- Symlinking: /home/thinal/turtlebot3_ws/install/turtlebot3_msgs/include/turtlebot3_msgs/turtlebot3_msgs/srv/goal.h
[21.959s] -- Symlinking: /home/thinal/turtlebot3_ws/install/turtlebot3_msgs/include/turtlebot3_msgs/turtlebot3_msgs/srv/sound.h
[21.983s] -- Symlinking: /home/thinal/turtlebot3_ws/install/turtlebot3_msgs/share/turtlebot3_msgs/environment/library_path.sh
[22.004s] -- Symlinking: /home/thinal/turtlebot3_ws/install/turtlebot3_msgs/share/turtlebot3_msgs/environment/library_path.dsv
[22.031s] -- Symlinking: /home/thinal/turtlebot3_ws/install/turtlebot3_msgs/include/turtlebot3_msgs/turtlebot3_msgs/action/detail/patrol__rosidl_typesupport_fastrtps_c.h
[22.052s] -- Symlinking: /home/thinal/turtlebot3_ws/install/turtlebot3_msgs/include/turtlebot3_msgs/turtlebot3_msgs/msg/detail/sensor_state__rosidl_typesupport_fastrtps_c.h
[22.078s] -- Symlinking: /home/thinal/turtlebot3_ws/install/turtlebot3_msgs/include/turtlebot3_msgs/turtlebot3_msgs/msg/detail/sound__rosidl_typesupport_fastrtps_c.h
[22.100s] -- Symlinking: /home/thinal/turtlebot3_ws/install/turtlebot3_msgs/include/turtlebot3_msgs/turtlebot3_msgs/msg/detail/version_info__rosidl_typesupport_fastrtps_c.h
[22.122s] -- Symlinking: /home/thinal/turtlebot3_ws/install/turtlebot3_msgs/include/turtlebot3_msgs/turtlebot3_msgs/msg/rosidl_typesupport_fastrtps_c__visibility_control.h
[22.143s] -- Symlinking: /home/thinal/turtlebot3_ws/install/turtlebot3_msgs/include/turtlebot3_msgs/turtlebot3_msgs/srv/detail/dqn__rosidl_typesupport_fastrtps_c.h
[22.166s] -- Symlinking: /home/thinal/turtlebot3_ws/install/turtlebot3_msgs/include/turtlebot3_msgs/turtlebot3_msgs/srv/detail/goal__rosidl_typesupport_fastrtps_c.h
[22.191s] -- Symlinking: /home/thinal/turtlebot3_ws/install/turtlebot3_msgs/include/turtlebot3_msgs/turtlebot3_msgs/srv/detail/sound__rosidl_typesupport_fastrtps_c.h
[22.214s] -- Symlinking: /home/thinal/turtlebot3_ws/install/turtlebot3_msgs/include/turtlebot3_msgs/turtlebot3_msgs/action/detail/patrol__builder.hpp
[22.236s] -- Symlinking: /home/thinal/turtlebot3_ws/install/turtlebot3_msgs/include/turtlebot3_msgs/turtlebot3_msgs/action/detail/patrol__struct.hpp
[22.259s] -- Symlinking: /home/thinal/turtlebot3_ws/install/turtlebot3_msgs/include/turtlebot3_msgs/turtlebot3_msgs/action/detail/patrol__traits.hpp
[22.280s] -- Symlinking: /home/thinal/turtlebot3_ws/install/turtlebot3_msgs/include/turtlebot3_msgs/turtlebot3_msgs/action/detail/patrol__type_support.hpp
[22.303s] -- Symlinking: /home/thinal/turtlebot3_ws/install/turtlebot3_msgs/include/turtlebot3_msgs/turtlebot3_msgs/action/patrol.hpp
[22.326s] -- Symlinking: /home/thinal/turtlebot3_ws/install/turtlebot3_msgs/include/turtlebot3_msgs/turtlebot3_msgs/msg/detail/sensor_state__builder.hpp
[22.352s] -- Symlinking: /home/thinal/turtlebot3_ws/install/turtlebot3_msgs/include/turtlebot3_msgs/turtlebot3_msgs/msg/detail/sensor_state__struct.hpp
[22.373s] -- Symlinking: /home/thinal/turtlebot3_ws/install/turtlebot3_msgs/include/turtlebot3_msgs/turtlebot3_msgs/msg/detail/sensor_state__traits.hpp
[22.400s] -- Symlinking: /home/thinal/turtlebot3_ws/install/turtlebot3_msgs/include/turtlebot3_msgs/turtlebot3_msgs/msg/detail/sensor_state__type_support.hpp
[22.426s] -- Symlinking: /home/thinal/turtlebot3_ws/install/turtlebot3_msgs/include/turtlebot3_msgs/turtlebot3_msgs/msg/detail/sound__builder.hpp
[22.448s] -- Symlinking: /home/thinal/turtlebot3_ws/install/turtlebot3_msgs/include/turtlebot3_msgs/turtlebot3_msgs/msg/detail/sound__struct.hpp
[22.474s] -- Symlinking: /home/thinal/turtlebot3_ws/install/turtlebot3_msgs/include/turtlebot3_msgs/turtlebot3_msgs/msg/detail/sound__traits.hpp
[22.496s] -- Symlinking: /home/thinal/turtlebot3_ws/install/turtlebot3_msgs/include/turtlebot3_msgs/turtlebot3_msgs/msg/detail/sound__type_support.hpp
[22.519s] -- Symlinking: /home/thinal/turtlebot3_ws/install/turtlebot3_msgs/include/turtlebot3_msgs/turtlebot3_msgs/msg/detail/version_info__builder.hpp
[22.541s] -- Symlinking: /home/thinal/turtlebot3_ws/install/turtlebot3_msgs/include/turtlebot3_msgs/turtlebot3_msgs/msg/detail/version_info__struct.hpp
[22.563s] -- Symlinking: /home/thinal/turtlebot3_ws/install/turtlebot3_msgs/include/turtlebot3_msgs/turtlebot3_msgs/msg/detail/version_info__traits.hpp
[22.586s] -- Symlinking: /home/thinal/turtlebot3_ws/install/turtlebot3_msgs/include/turtlebot3_msgs/turtlebot3_msgs/msg/detail/version_info__type_support.hpp
[22.609s] -- Symlinking: /home/thinal/turtlebot3_ws/install/turtlebot3_msgs/include/turtlebot3_msgs/turtlebot3_msgs/msg/rosidl_generator_cpp__visibility_control.hpp
[22.631s] -- Symlinking: /home/thinal/turtlebot3_ws/install/turtlebot3_msgs/include/turtlebot3_msgs/turtlebot3_msgs/msg/sensor_state.hpp
[22.653s] -- Symlinking: /home/thinal/turtlebot3_ws/install/turtlebot3_msgs/include/turtlebot3_msgs/turtlebot3_msgs/msg/sound.hpp
[22.675s] -- Symlinking: /home/thinal/turtlebot3_ws/install/turtlebot3_msgs/include/turtlebot3_msgs/turtlebot3_msgs/msg/version_info.hpp
[22.699s] -- Symlinking: /home/thinal/turtlebot3_ws/install/turtlebot3_msgs/include/turtlebot3_msgs/turtlebot3_msgs/srv/detail/dqn__builder.hpp
[22.724s] -- Symlinking: /home/thinal/turtlebot3_ws/install/turtlebot3_msgs/include/turtlebot3_msgs/turtlebot3_msgs/srv/detail/dqn__struct.hpp
[22.745s] -- Symlinking: /home/thinal/turtlebot3_ws/install/turtlebot3_msgs/include/turtlebot3_msgs/turtlebot3_msgs/srv/detail/dqn__traits.hpp
[22.768s] -- Symlinking: /home/thinal/turtlebot3_ws/install/turtlebot3_msgs/include/turtlebot3_msgs/turtlebot3_msgs/srv/detail/dqn__type_support.hpp
[22.789s] -- Symlinking: /home/thinal/turtlebot3_ws/install/turtlebot3_msgs/include/turtlebot3_msgs/turtlebot3_msgs/srv/detail/goal__builder.hpp
[22.811s] -- Symlinking: /home/thinal/turtlebot3_ws/install/turtlebot3_msgs/include/turtlebot3_msgs/turtlebot3_msgs/srv/detail/goal__struct.hpp
[22.836s] -- Symlinking: /home/thinal/turtlebot3_ws/install/turtlebot3_msgs/include/turtlebot3_msgs/turtlebot3_msgs/srv/detail/goal__traits.hpp
[22.858s] -- Symlinking: /home/thinal/turtlebot3_ws/install/turtlebot3_msgs/include/turtlebot3_msgs/turtlebot3_msgs/srv/detail/goal__type_support.hpp
[22.879s] -- Symlinking: /home/thinal/turtlebot3_ws/install/turtlebot3_msgs/include/turtlebot3_msgs/turtlebot3_msgs/srv/detail/sound__builder.hpp
[22.901s] -- Symlinking: /home/thinal/turtlebot3_ws/install/turtlebot3_msgs/include/turtlebot3_msgs/turtlebot3_msgs/srv/detail/sound__struct.hpp
[22.922s] -- Symlinking: /home/thinal/turtlebot3_ws/install/turtlebot3_msgs/include/turtlebot3_msgs/turtlebot3_msgs/srv/detail/sound__traits.hpp
[22.943s] -- Symlinking: /home/thinal/turtlebot3_ws/install/turtlebot3_msgs/include/turtlebot3_msgs/turtlebot3_msgs/srv/detail/sound__type_support.hpp
[22.965s] -- Symlinking: /home/thinal/turtlebot3_ws/install/turtlebot3_msgs/include/turtlebot3_msgs/turtlebot3_msgs/srv/dqn.hpp
[22.988s] -- Symlinking: /home/thinal/turtlebot3_ws/install/turtlebot3_msgs/include/turtlebot3_msgs/turtlebot3_msgs/srv/goal.hpp
[23.010s] -- Symlinking: /home/thinal/turtlebot3_ws/install/turtlebot3_msgs/include/turtlebot3_msgs/turtlebot3_msgs/srv/sound.hpp
[23.037s] -- Symlinking: /home/thinal/turtlebot3_ws/install/turtlebot3_msgs/include/turtlebot3_msgs/turtlebot3_msgs/action/detail/patrol__rosidl_typesupport_fastrtps_cpp.hpp
[23.060s] -- Symlinking: /home/thinal/turtlebot3_ws/install/turtlebot3_msgs/include/turtlebot3_msgs/turtlebot3_msgs/msg/detail/sensor_state__rosidl_typesupport_fastrtps_cpp.hpp
[23.084s] -- Symlinking: /home/thinal/turtlebot3_ws/install/turtlebot3_msgs/include/turtlebot3_msgs/turtlebot3_msgs/msg/detail/sound__rosidl_typesupport_fastrtps_cpp.hpp
[23.108s] -- Symlinking: /home/thinal/turtlebot3_ws/install/turtlebot3_msgs/include/turtlebot3_msgs/turtlebot3_msgs/msg/detail/version_info__rosidl_typesupport_fastrtps_cpp.hpp
[23.131s] -- Symlinking: /home/thinal/turtlebot3_ws/install/turtlebot3_msgs/include/turtlebot3_msgs/turtlebot3_msgs/msg/rosidl_typesupport_fastrtps_cpp__visibility_control.h
[23.153s] -- Symlinking: /home/thinal/turtlebot3_ws/install/turtlebot3_msgs/include/turtlebot3_msgs/turtlebot3_msgs/srv/detail/dqn__rosidl_typesupport_fastrtps_cpp.hpp
[23.178s] -- Symlinking: /home/thinal/turtlebot3_ws/install/turtlebot3_msgs/include/turtlebot3_msgs/turtlebot3_msgs/srv/detail/goal__rosidl_typesupport_fastrtps_cpp.hpp
[23.204s] -- Symlinking: /home/thinal/turtlebot3_ws/install/turtlebot3_msgs/include/turtlebot3_msgs/turtlebot3_msgs/srv/detail/sound__rosidl_typesupport_fastrtps_cpp.hpp
[23.230s] -- Symlinking: /home/thinal/turtlebot3_ws/install/turtlebot3_msgs/include/turtlebot3_msgs/turtlebot3_msgs/action/detail/patrol__rosidl_typesupport_introspection_c.h
[23.255s] -- Symlinking: /home/thinal/turtlebot3_ws/install/turtlebot3_msgs/include/turtlebot3_msgs/turtlebot3_msgs/msg/detail/sensor_state__rosidl_typesupport_introspection_c.h
[23.281s] -- Symlinking: /home/thinal/turtlebot3_ws/install/turtlebot3_msgs/include/turtlebot3_msgs/turtlebot3_msgs/msg/detail/sound__rosidl_typesupport_introspection_c.h
[23.304s] -- Symlinking: /home/thinal/turtlebot3_ws/install/turtlebot3_msgs/include/turtlebot3_msgs/turtlebot3_msgs/msg/detail/version_info__rosidl_typesupport_introspection_c.h
[23.329s] -- Symlinking: /home/thinal/turtlebot3_ws/install/turtlebot3_msgs/include/turtlebot3_msgs/turtlebot3_msgs/msg/rosidl_typesupport_introspection_c__visibility_control.h
[23.357s] -- Symlinking: /home/thinal/turtlebot3_ws/install/turtlebot3_msgs/include/turtlebot3_msgs/turtlebot3_msgs/srv/detail/dqn__rosidl_typesupport_introspection_c.h
[23.383s] -- Symlinking: /home/thinal/turtlebot3_ws/install/turtlebot3_msgs/include/turtlebot3_msgs/turtlebot3_msgs/srv/detail/goal__rosidl_typesupport_introspection_c.h
[23.409s] -- Symlinking: /home/thinal/turtlebot3_ws/install/turtlebot3_msgs/include/turtlebot3_msgs/turtlebot3_msgs/srv/detail/sound__rosidl_typesupport_introspection_c.h
[23.436s] -- Symlinking: /home/thinal/turtlebot3_ws/install/turtlebot3_msgs/include/turtlebot3_msgs/turtlebot3_msgs/action/detail/patrol__rosidl_typesupport_introspection_cpp.hpp
[23.462s] -- Symlinking: /home/thinal/turtlebot3_ws/install/turtlebot3_msgs/include/turtlebot3_msgs/turtlebot3_msgs/msg/detail/sensor_state__rosidl_typesupport_introspection_cpp.hpp
[23.487s] -- Symlinking: /home/thinal/turtlebot3_ws/install/turtlebot3_msgs/include/turtlebot3_msgs/turtlebot3_msgs/msg/detail/sound__rosidl_typesupport_introspection_cpp.hpp
[23.514s] -- Symlinking: /home/thinal/turtlebot3_ws/install/turtlebot3_msgs/include/turtlebot3_msgs/turtlebot3_msgs/msg/detail/version_info__rosidl_typesupport_introspection_cpp.hpp
[23.540s] -- Symlinking: /home/thinal/turtlebot3_ws/install/turtlebot3_msgs/include/turtlebot3_msgs/turtlebot3_msgs/srv/detail/dqn__rosidl_typesupport_introspection_cpp.hpp
[23.566s] -- Symlinking: /home/thinal/turtlebot3_ws/install/turtlebot3_msgs/include/turtlebot3_msgs/turtlebot3_msgs/srv/detail/goal__rosidl_typesupport_introspection_cpp.hpp
[23.593s] -- Symlinking: /home/thinal/turtlebot3_ws/install/turtlebot3_msgs/include/turtlebot3_msgs/turtlebot3_msgs/srv/detail/sound__rosidl_typesupport_introspection_cpp.hpp
[23.622s] -- Symlinking: /home/thinal/turtlebot3_ws/install/turtlebot3_msgs/share/turtlebot3_msgs/environment/pythonpath.sh
[23.649s] -- Symlinking: /home/thinal/turtlebot3_ws/install/turtlebot3_msgs/share/turtlebot3_msgs/environment/pythonpath.dsv
[23.678s] -- Symlinking: /home/thinal/turtlebot3_ws/install/turtlebot3_msgs/lib/python3.12/site-packages/turtlebot3_msgs-2.4.0-py3.12.egg-info/PKG-INFO
[23.706s] -- Symlinking: /home/thinal/turtlebot3_ws/install/turtlebot3_msgs/lib/python3.12/site-packages/turtlebot3_msgs-2.4.0-py3.12.egg-info/SOURCES.txt
[23.730s] -- Symlinking: /home/thinal/turtlebot3_ws/install/turtlebot3_msgs/lib/python3.12/site-packages/turtlebot3_msgs-2.4.0-py3.12.egg-info/dependency_links.txt
[23.755s] -- Symlinking: /home/thinal/turtlebot3_ws/install/turtlebot3_msgs/lib/python3.12/site-packages/turtlebot3_msgs-2.4.0-py3.12.egg-info/top_level.txt
[23.788s] -- Symlinking: /home/thinal/turtlebot3_ws/install/turtlebot3_msgs/lib/python3.12/site-packages/turtlebot3_msgs/__init__.py
[23.811s] -- Symlinking: /home/thinal/turtlebot3_ws/install/turtlebot3_msgs/lib/python3.12/site-packages/turtlebot3_msgs/_turtlebot3_msgs_s.ep.rosidl_typesupport_c.c
[23.835s] -- Symlinking: /home/thinal/turtlebot3_ws/install/turtlebot3_msgs/lib/python3.12/site-packages/turtlebot3_msgs/_turtlebot3_msgs_s.ep.rosidl_typesupport_fastrtps_c.c
[23.866s] -- Symlinking: /home/thinal/turtlebot3_ws/install/turtlebot3_msgs/lib/python3.12/site-packages/turtlebot3_msgs/_turtlebot3_msgs_s.ep.rosidl_typesupport_introspection_c.c
[23.893s] -- Symlinking: /home/thinal/turtlebot3_ws/install/turtlebot3_msgs/lib/python3.12/site-packages/turtlebot3_msgs/action/__init__.py
[23.923s] -- Symlinking: /home/thinal/turtlebot3_ws/install/turtlebot3_msgs/lib/python3.12/site-packages/turtlebot3_msgs/action/_patrol.py
[23.947s] -- Symlinking: /home/thinal/turtlebot3_ws/install/turtlebot3_msgs/lib/python3.12/site-packages/turtlebot3_msgs/action/_patrol_s.c
[23.971s] -- Symlinking: /home/thinal/turtlebot3_ws/install/turtlebot3_msgs/lib/python3.12/site-packages/turtlebot3_msgs/msg/__init__.py
[23.995s] -- Symlinking: /home/thinal/turtlebot3_ws/install/turtlebot3_msgs/lib/python3.12/site-packages/turtlebot3_msgs/msg/_sensor_state.py
[24.017s] -- Symlinking: /home/thinal/turtlebot3_ws/install/turtlebot3_msgs/lib/python3.12/site-packages/turtlebot3_msgs/msg/_sensor_state_s.c
[24.042s] -- Symlinking: /home/thinal/turtlebot3_ws/install/turtlebot3_msgs/lib/python3.12/site-packages/turtlebot3_msgs/msg/_sound.py
[24.063s] -- Symlinking: /home/thinal/turtlebot3_ws/install/turtlebot3_msgs/lib/python3.12/site-packages/turtlebot3_msgs/msg/_sound_s.c
[24.089s] -- Symlinking: /home/thinal/turtlebot3_ws/install/turtlebot3_msgs/lib/python3.12/site-packages/turtlebot3_msgs/msg/_version_info.py
[24.121s] -- Symlinking: /home/thinal/turtlebot3_ws/install/turtlebot3_msgs/lib/python3.12/site-packages/turtlebot3_msgs/msg/_version_info_s.c
[24.145s] -- Symlinking: /home/thinal/turtlebot3_ws/install/turtlebot3_msgs/lib/python3.12/site-packages/turtlebot3_msgs/srv/__init__.py
[24.176s] -- Symlinking: /home/thinal/turtlebot3_ws/install/turtlebot3_msgs/lib/python3.12/site-packages/turtlebot3_msgs/srv/_dqn.py
[24.205s] -- Symlinking: /home/thinal/turtlebot3_ws/install/turtlebot3_msgs/lib/python3.12/site-packages/turtlebot3_msgs/srv/_dqn_s.c
[24.233s] -- Symlinking: /home/thinal/turtlebot3_ws/install/turtlebot3_msgs/lib/python3.12/site-packages/turtlebot3_msgs/srv/_goal.py
[24.264s] -- Symlinking: /home/thinal/turtlebot3_ws/install/turtlebot3_msgs/lib/python3.12/site-packages/turtlebot3_msgs/srv/_goal_s.c
[24.295s] -- Symlinking: /home/thinal/turtlebot3_ws/install/turtlebot3_msgs/lib/python3.12/site-packages/turtlebot3_msgs/srv/_sound.py
[24.324s] -- Symlinking: /home/thinal/turtlebot3_ws/install/turtlebot3_msgs/lib/python3.12/site-packages/turtlebot3_msgs/srv/_sound_s.c
[24.351s] -- Symlinking: /home/thinal/turtlebot3_ws/install/turtlebot3_msgs/lib/python3.12/site-packages/turtlebot3_msgs/turtlebot3_msgs_s__rosidl_typesupport_c.so
[24.375s] -- Symlinking: /home/thinal/turtlebot3_ws/install/turtlebot3_msgs/lib/python3.12/site-packages/turtlebot3_msgs/turtlebot3_msgs_s__rosidl_typesupport_fastrtps_c.so
[24.407s] -- Symlinking: /home/thinal/turtlebot3_ws/install/turtlebot3_msgs/lib/python3.12/site-packages/turtlebot3_msgs/turtlebot3_msgs_s__rosidl_typesupport_introspection_c.so
[24.438s] -- Up-to-date symlink: /home/thinal/turtlebot3_ws/install/turtlebot3_msgs/lib/python3.12/site-packages/turtlebot3_msgs/turtlebot3_msgs_s__rosidl_typesupport_fastrtps_c.so
[24.438s] -- Up-to-date symlink: /home/thinal/turtlebot3_ws/install/turtlebot3_msgs/lib/python3.12/site-packages/turtlebot3_msgs/turtlebot3_msgs_s__rosidl_typesupport_introspection_c.so
[24.438s] -- Up-to-date symlink: /home/thinal/turtlebot3_ws/install/turtlebot3_msgs/lib/python3.12/site-packages/turtlebot3_msgs/turtlebot3_msgs_s__rosidl_typesupport_c.so
[24.438s] -- Symlinking: /home/thinal/turtlebot3_ws/install/turtlebot3_msgs/share/turtlebot3_msgs/msg/SensorState.idl
[24.462s] -- Symlinking: /home/thinal/turtlebot3_ws/install/turtlebot3_msgs/share/turtlebot3_msgs/msg/Sound.idl
[24.488s] -- Symlinking: /home/thinal/turtlebot3_ws/install/turtlebot3_msgs/share/turtlebot3_msgs/msg/VersionInfo.idl
[24.517s] -- Symlinking: /home/thinal/turtlebot3_ws/install/turtlebot3_msgs/share/turtlebot3_msgs/srv/Sound.idl
[24.548s] -- Symlinking: /home/thinal/turtlebot3_ws/install/turtlebot3_msgs/share/turtlebot3_msgs/srv/Dqn.idl
[24.574s] -- Symlinking: /home/thinal/turtlebot3_ws/install/turtlebot3_msgs/share/turtlebot3_msgs/srv/Goal.idl
[24.604s] -- Symlinking: /home/thinal/turtlebot3_ws/install/turtlebot3_msgs/share/turtlebot3_msgs/action/Patrol.idl
[24.635s] -- Symlinking: /home/thinal/turtlebot3_ws/install/turtlebot3_msgs/share/turtlebot3_msgs/msg/SensorState.msg
[24.662s] -- Symlinking: /home/thinal/turtlebot3_ws/install/turtlebot3_msgs/share/turtlebot3_msgs/msg/Sound.msg
[24.690s] -- Symlinking: /home/thinal/turtlebot3_ws/install/turtlebot3_msgs/share/turtlebot3_msgs/msg/VersionInfo.msg
[24.714s] -- Symlinking: /home/thinal/turtlebot3_ws/install/turtlebot3_msgs/share/turtlebot3_msgs/srv/Sound.srv
[24.744s] -- Symlinking: /home/thinal/turtlebot3_ws/install/turtlebot3_msgs/share/turtlebot3_msgs/srv/Dqn.srv
[24.770s] -- Symlinking: /home/thinal/turtlebot3_ws/install/turtlebot3_msgs/share/turtlebot3_msgs/srv/Goal.srv
[24.794s] -- Symlinking: /home/thinal/turtlebot3_ws/install/turtlebot3_msgs/share/turtlebot3_msgs/action/Patrol.action
[24.827s] -- Symlinking: /home/thinal/turtlebot3_ws/install/turtlebot3_msgs/share/ament_index/resource_index/package_run_dependencies/turtlebot3_msgs
[24.855s] -- Symlinking: /home/thinal/turtlebot3_ws/install/turtlebot3_msgs/share/ament_index/resource_index/parent_prefix_path/turtlebot3_msgs
[24.886s] -- Symlinking: /home/thinal/turtlebot3_ws/install/turtlebot3_msgs/share/turtlebot3_msgs/environment/ament_prefix_path.sh
[24.914s] -- Symlinking: /home/thinal/turtlebot3_ws/install/turtlebot3_msgs/share/turtlebot3_msgs/environment/ament_prefix_path.dsv
[24.944s] -- Symlinking: /home/thinal/turtlebot3_ws/install/turtlebot3_msgs/share/turtlebot3_msgs/environment/path.sh
[24.977s] -- Symlinking: /home/thinal/turtlebot3_ws/install/turtlebot3_msgs/share/turtlebot3_msgs/environment/path.dsv
[25.000s] -- Symlinking: /home/thinal/turtlebot3_ws/install/turtlebot3_msgs/share/turtlebot3_msgs/local_setup.bash
[25.023s] -- Symlinking: /home/thinal/turtlebot3_ws/install/turtlebot3_msgs/share/turtlebot3_msgs/local_setup.sh
[25.052s] -- Symlinking: /home/thinal/turtlebot3_ws/install/turtlebot3_msgs/share/turtlebot3_msgs/local_setup.zsh
[25.084s] -- Symlinking: /home/thinal/turtlebot3_ws/install/turtlebot3_msgs/share/turtlebot3_msgs/local_setup.dsv
[25.111s] -- Symlinking: /home/thinal/turtlebot3_ws/install/turtlebot3_msgs/share/turtlebot3_msgs/package.dsv
[25.138s] -- Symlinking: /home/thinal/turtlebot3_ws/install/turtlebot3_msgs/share/ament_index/resource_index/packages/turtlebot3_msgs
[25.165s] -- Symlinking: /home/thinal/turtlebot3_ws/install/turtlebot3_msgs/share/turtlebot3_msgs/cmake/rosidl_cmake-extras.cmake
[25.191s] -- Symlinking: /home/thinal/turtlebot3_ws/install/turtlebot3_msgs/share/turtlebot3_msgs/cmake/ament_cmake_export_dependencies-extras.cmake
[25.221s] -- Symlinking: /home/thinal/turtlebot3_ws/install/turtlebot3_msgs/share/turtlebot3_msgs/cmake/ament_cmake_export_include_directories-extras.cmake
[25.248s] -- Symlinking: /home/thinal/turtlebot3_ws/install/turtlebot3_msgs/share/turtlebot3_msgs/cmake/ament_cmake_export_libraries-extras.cmake
[25.279s] -- Symlinking: /home/thinal/turtlebot3_ws/install/turtlebot3_msgs/share/turtlebot3_msgs/cmake/ament_cmake_export_targets-extras.cmake
[25.311s] -- Symlinking: /home/thinal/turtlebot3_ws/install/turtlebot3_msgs/share/turtlebot3_msgs/cmake/rosidl_cmake_export_typesupport_targets-extras.cmake
[25.341s] -- Symlinking: /home/thinal/turtlebot3_ws/install/turtlebot3_msgs/share/turtlebot3_msgs/cmake/rosidl_cmake_export_typesupport_libraries-extras.cmake
[25.365s] -- Symlinking: /home/thinal/turtlebot3_ws/install/turtlebot3_msgs/share/turtlebot3_msgs/cmake/turtlebot3_msgsConfig.cmake
[25.388s] -- Symlinking: /home/thinal/turtlebot3_ws/install/turtlebot3_msgs/share/turtlebot3_msgs/cmake/turtlebot3_msgsConfig-version.cmake
[25.420s] -- Symlinking: /home/thinal/turtlebot3_ws/install/turtlebot3_msgs/share/turtlebot3_msgs/package.xml
[25.451s] -- Installing: /home/thinal/turtlebot3_ws/install/turtlebot3_msgs/lib/libturtlebot3_msgs__rosidl_generator_c.so
[25.453s] -- Set non-toolchain portion of runtime path of "/home/thinal/turtlebot3_ws/install/turtlebot3_msgs/lib/libturtlebot3_msgs__rosidl_generator_c.so" to ""
[25.453s] -- Installing: /home/thinal/turtlebot3_ws/install/turtlebot3_msgs/lib/libturtlebot3_msgs__rosidl_typesupport_fastrtps_c.so
[25.454s] -- Set non-toolchain portion of runtime path of "/home/thinal/turtlebot3_ws/install/turtlebot3_msgs/lib/libturtlebot3_msgs__rosidl_typesupport_fastrtps_c.so" to ""
[25.455s] -- Installing: /home/thinal/turtlebot3_ws/install/turtlebot3_msgs/lib/libturtlebot3_msgs__rosidl_typesupport_fastrtps_cpp.so
[25.457s] -- Set non-toolchain portion of runtime path of "/home/thinal/turtlebot3_ws/install/turtlebot3_msgs/lib/libturtlebot3_msgs__rosidl_typesupport_fastrtps_cpp.so" to ""
[25.457s] -- Installing: /home/thinal/turtlebot3_ws/install/turtlebot3_msgs/lib/libturtlebot3_msgs__rosidl_typesupport_introspection_c.so
[25.458s] -- Set non-toolchain portion of runtime path of "/home/thinal/turtlebot3_ws/install/turtlebot3_msgs/lib/libturtlebot3_msgs__rosidl_typesupport_introspection_c.so" to ""
[25.458s] -- Installing: /home/thinal/turtlebot3_ws/install/turtlebot3_msgs/lib/libturtlebot3_msgs__rosidl_typesupport_c.so
[25.459s] -- Set non-toolchain portion of runtime path of "/home/thinal/turtlebot3_ws/install/turtlebot3_msgs/lib/libturtlebot3_msgs__rosidl_typesupport_c.so" to ""
[25.459s] -- Installing: /home/thinal/turtlebot3_ws/install/turtlebot3_msgs/lib/libturtlebot3_msgs__rosidl_typesupport_introspection_cpp.so
[25.462s] -- Set non-toolchain portion of runtime path of "/home/thinal/turtlebot3_ws/install/turtlebot3_msgs/lib/libturtlebot3_msgs__rosidl_typesupport_introspection_cpp.so" to ""
[25.462s] -- Installing: /home/thinal/turtlebot3_ws/install/turtlebot3_msgs/lib/libturtlebot3_msgs__rosidl_typesupport_cpp.so
[25.464s] -- Set non-toolchain portion of runtime path of "/home/thinal/turtlebot3_ws/install/turtlebot3_msgs/lib/libturtlebot3_msgs__rosidl_typesupport_cpp.so" to ""
[25.602s] Listing '/home/thinal/turtlebot3_ws/install/turtlebot3_msgs/lib/python3.12/site-packages/turtlebot3_msgs'...
[25.603s] Compiling '/home/thinal/turtlebot3_ws/install/turtlebot3_msgs/lib/python3.12/site-packages/turtlebot3_msgs/__init__.py'...
[25.603s] Listing '/home/thinal/turtlebot3_ws/install/turtlebot3_msgs/lib/python3.12/site-packages/turtlebot3_msgs/action'...
[25.603s] Compiling '/home/thinal/turtlebot3_ws/install/turtlebot3_msgs/lib/python3.12/site-packages/turtlebot3_msgs/action/__init__.py'...
[25.603s] Compiling '/home/thinal/turtlebot3_ws/install/turtlebot3_msgs/lib/python3.12/site-packages/turtlebot3_msgs/action/_patrol.py'...
[25.603s] Listing '/home/thinal/turtlebot3_ws/install/turtlebot3_msgs/lib/python3.12/site-packages/turtlebot3_msgs/msg'...
[25.603s] Compiling '/home/thinal/turtlebot3_ws/install/turtlebot3_msgs/lib/python3.12/site-packages/turtlebot3_msgs/msg/__init__.py'...
[25.603s] Compiling '/home/thinal/turtlebot3_ws/install/turtlebot3_msgs/lib/python3.12/site-packages/turtlebot3_msgs/msg/_sensor_state.py'...
[25.604s] Compiling '/home/thinal/turtlebot3_ws/install/turtlebot3_msgs/lib/python3.12/site-packages/turtlebot3_msgs/msg/_sound.py'...
[25.604s] Compiling '/home/thinal/turtlebot3_ws/install/turtlebot3_msgs/lib/python3.12/site-packages/turtlebot3_msgs/msg/_version_info.py'...
[25.604s] Listing '/home/thinal/turtlebot3_ws/install/turtlebot3_msgs/lib/python3.12/site-packages/turtlebot3_msgs/srv'...
[25.604s] Compiling '/home/thinal/turtlebot3_ws/install/turtlebot3_msgs/lib/python3.12/site-packages/turtlebot3_msgs/srv/__init__.py'...
[25.604s] Compiling '/home/thinal/turtlebot3_ws/install/turtlebot3_msgs/lib/python3.12/site-packages/turtlebot3_msgs/srv/_dqn.py'...
[25.604s] Compiling '/home/thinal/turtlebot3_ws/install/turtlebot3_msgs/lib/python3.12/site-packages/turtlebot3_msgs/srv/_goal.py'...
[25.604s] Compiling '/home/thinal/turtlebot3_ws/install/turtlebot3_msgs/lib/python3.12/site-packages/turtlebot3_msgs/srv/_sound.py'...
[25.615s] -- Installing: /home/thinal/turtlebot3_ws/install/turtlebot3_msgs/lib/libturtlebot3_msgs__rosidl_generator_py.so
[25.617s] -- Set non-toolchain portion of runtime path of "/home/thinal/turtlebot3_ws/install/turtlebot3_msgs/lib/libturtlebot3_msgs__rosidl_generator_py.so" to ""
[25.617s] -- Installing: /home/thinal/turtlebot3_ws/install/turtlebot3_msgs/share/turtlebot3_msgs/cmake/export_turtlebot3_msgs__rosidl_generator_cExport.cmake
[25.617s] -- Installing: /home/thinal/turtlebot3_ws/install/turtlebot3_msgs/share/turtlebot3_msgs/cmake/export_turtlebot3_msgs__rosidl_generator_cExport-noconfig.cmake
[25.618s] -- Installing: /home/thinal/turtlebot3_ws/install/turtlebot3_msgs/share/turtlebot3_msgs/cmake/export_turtlebot3_msgs__rosidl_typesupport_fastrtps_cExport.cmake
[25.618s] -- Installing: /home/thinal/turtlebot3_ws/install/turtlebot3_msgs/share/turtlebot3_msgs/cmake/export_turtlebot3_msgs__rosidl_typesupport_fastrtps_cExport-noconfig.cmake
[25.619s] -- Installing: /home/thinal/turtlebot3_ws/install/turtlebot3_msgs/share/turtlebot3_msgs/cmake/export_turtlebot3_msgs__rosidl_generator_cppExport.cmake
[25.619s] -- Installing: /home/thinal/turtlebot3_ws/install/turtlebot3_msgs/share/turtlebot3_msgs/cmake/export_turtlebot3_msgs__rosidl_typesupport_fastrtps_cppExport.cmake
[25.620s] -- Installing: /home/thinal/turtlebot3_ws/install/turtlebot3_msgs/share/turtlebot3_msgs/cmake/export_turtlebot3_msgs__rosidl_typesupport_fastrtps_cppExport-noconfig.cmake
[25.620s] -- Installing: /home/thinal/turtlebot3_ws/install/turtlebot3_msgs/share/turtlebot3_msgs/cmake/turtlebot3_msgs__rosidl_typesupport_introspection_cExport.cmake
[25.621s] -- Installing: /home/thinal/turtlebot3_ws/install/turtlebot3_msgs/share/turtlebot3_msgs/cmake/turtlebot3_msgs__rosidl_typesupport_introspection_cExport-noconfig.cmake
[25.621s] -- Installing: /home/thinal/turtlebot3_ws/install/turtlebot3_msgs/share/turtlebot3_msgs/cmake/turtlebot3_msgs__rosidl_typesupport_cExport.cmake
[25.621s] -- Installing: /home/thinal/turtlebot3_ws/install/turtlebot3_msgs/share/turtlebot3_msgs/cmake/turtlebot3_msgs__rosidl_typesupport_cExport-noconfig.cmake
[25.622s] -- Installing: /home/thinal/turtlebot3_ws/install/turtlebot3_msgs/share/turtlebot3_msgs/cmake/turtlebot3_msgs__rosidl_typesupport_introspection_cppExport.cmake
[25.622s] -- Installing: /home/thinal/turtlebot3_ws/install/turtlebot3_msgs/share/turtlebot3_msgs/cmake/turtlebot3_msgs__rosidl_typesupport_introspection_cppExport-noconfig.cmake
[25.623s] -- Installing: /home/thinal/turtlebot3_ws/install/turtlebot3_msgs/share/turtlebot3_msgs/cmake/turtlebot3_msgs__rosidl_typesupport_cppExport.cmake
[25.623s] -- Installing: /home/thinal/turtlebot3_ws/install/turtlebot3_msgs/share/turtlebot3_msgs/cmake/turtlebot3_msgs__rosidl_typesupport_cppExport-noconfig.cmake
[25.624s] -- Installing: /home/thinal/turtlebot3_ws/install/turtlebot3_msgs/share/turtlebot3_msgs/cmake/export_turtlebot3_msgs__rosidl_generator_pyExport.cmake
[25.624s] -- Installing: /home/thinal/turtlebot3_ws/install/turtlebot3_msgs/share/turtlebot3_msgs/cmake/export_turtlebot3_msgs__rosidl_generator_pyExport-noconfig.cmake
[25.631s] Invoked command in '/home/thinal/turtlebot3_ws/build/turtlebot3_msgs' returned '0': CMAKE_PREFIX_PATH=${CMAKE_PREFIX_PATH}:/opt/ros/jazzy /usr/bin/cmake --install /home/thinal/turtlebot3_ws/build/turtlebot3_msgs
