-- The C compiler identification is GNU 13.3.0
-- The CXX compiler identification is GNU 13.3.0
-- Detecting C compiler ABI info
-- Detecting C compiler ABI info - done
-- Check for working C compiler: /usr/bin/cc - skipped
-- Detecting C compile features
-- Detecting C compile features - done
-- Detecting CXX compiler ABI info
-- Detecting CXX compiler ABI info - done
-- Check for working CXX compiler: /usr/bin/c++ - skipped
-- Detecting CXX compile features
-- Detecting CXX compile features - done
-- Found ament_cmake: 2.5.4 (/opt/ros/jazzy/share/ament_cmake/cmake)
-- Found Python3: /usr/bin/python3 (found version "3.12.3") found components: Interpreter 
-- Override CMake install command with custom implementation using symlinks instead of copying resources
-- Found ament_lint_auto: 0.17.3 (/opt/ros/jazzy/share/ament_lint_auto/cmake)
-- Added test 'flake8' to check Python code syntax and style conventions
-- Configured 'flake8' exclude dirs and/or files: 
-- Added test 'lint_cmake' to check CMake code style
-- Added test 'pep257' to check Python code against some of the docstring style conventions in PEP 257
-- Added test 'xmllint' to check XML markup files
-- Configuring done (1.7s)
-- Generating done (0.0s)
-- Build files have been written to: /home/thinal/turtlebot3_ws/build/my_simulations
-- Install configuration: ""
-- Execute custom install script
-- Symlinking: /home/thinal/turtlebot3_ws/install/my_simulations/share/my_simulations/launch/maze_world.launch.py
-- Symlinking: /home/thinal/turtlebot3_ws/install/my_simulations/share/my_simulations/launch/my_world.launch.py
-- Symlinking: /home/thinal/turtlebot3_ws/install/my_simulations/share/my_simulations/worlds/build/.built_by
-- Symlinking: /home/thinal/turtlebot3_ws/install/my_simulations/share/my_simulations/worlds/build/COLCON_IGNORE
-- Symlinking: /home/thinal/turtlebot3_ws/install/my_simulations/share/my_simulations/worlds/empty_world.world
-- Symlinking: /home/thinal/turtlebot3_ws/install/my_simulations/share/my_simulations/worlds/install/.colcon_install_layout
-- Symlinking: /home/thinal/turtlebot3_ws/install/my_simulations/share/my_simulations/worlds/install/COLCON_IGNORE
-- Symlinking: /home/thinal/turtlebot3_ws/install/my_simulations/share/my_simulations/worlds/install/_local_setup_util_ps1.py
-- Symlinking: /home/thinal/turtlebot3_ws/install/my_simulations/share/my_simulations/worlds/install/_local_setup_util_sh.py
-- Symlinking: /home/thinal/turtlebot3_ws/install/my_simulations/share/my_simulations/worlds/install/local_setup.bash
-- Symlinking: /home/thinal/turtlebot3_ws/install/my_simulations/share/my_simulations/worlds/install/local_setup.ps1
-- Symlinking: /home/thinal/turtlebot3_ws/install/my_simulations/share/my_simulations/worlds/install/local_setup.sh
-- Symlinking: /home/thinal/turtlebot3_ws/install/my_simulations/share/my_simulations/worlds/install/local_setup.zsh
-- Symlinking: /home/thinal/turtlebot3_ws/install/my_simulations/share/my_simulations/worlds/install/setup.bash
-- Symlinking: /home/thinal/turtlebot3_ws/install/my_simulations/share/my_simulations/worlds/install/setup.ps1
-- Symlinking: /home/thinal/turtlebot3_ws/install/my_simulations/share/my_simulations/worlds/install/setup.sh
-- Symlinking: /home/thinal/turtlebot3_ws/install/my_simulations/share/my_simulations/worlds/install/setup.zsh
-- Symlinking: /home/thinal/turtlebot3_ws/install/my_simulations/share/my_simulations/worlds/log/COLCON_IGNORE
-- Symlinking: /home/thinal/turtlebot3_ws/install/my_simulations/share/my_simulations/worlds/log/build_2025-10-20_14-44-41/events.log
-- Symlinking: /home/thinal/turtlebot3_ws/install/my_simulations/share/my_simulations/worlds/log/build_2025-10-20_14-44-41/logger_all.log
-- Symlinking: /home/thinal/turtlebot3_ws/install/my_simulations/share/my_simulations/worlds/log/latest
-- Symlinking: /home/thinal/turtlebot3_ws/install/my_simulations/share/my_simulations/worlds/log/latest_build
-- Symlinking: /home/thinal/turtlebot3_ws/install/my_simulations/share/my_simulations/worlds/maze_world.world
-- Symlinking: /home/thinal/turtlebot3_ws/install/my_simulations/share/my_simulations/models/maze/model.config
-- Symlinking: /home/thinal/turtlebot3_ws/install/my_simulations/share/my_simulations/models/maze/model.sdf
-- Symlinking: /home/thinal/turtlebot3_ws/install/my_simulations/share/ament_index/resource_index/package_run_dependencies/my_simulations
-- Symlinking: /home/thinal/turtlebot3_ws/install/my_simulations/share/ament_index/resource_index/parent_prefix_path/my_simulations
-- Symlinking: /home/thinal/turtlebot3_ws/install/my_simulations/share/my_simulations/environment/ament_prefix_path.sh
-- Symlinking: /home/thinal/turtlebot3_ws/install/my_simulations/share/my_simulations/environment/ament_prefix_path.dsv
-- Symlinking: /home/thinal/turtlebot3_ws/install/my_simulations/share/my_simulations/environment/path.sh
-- Symlinking: /home/thinal/turtlebot3_ws/install/my_simulations/share/my_simulations/environment/path.dsv
-- Symlinking: /home/thinal/turtlebot3_ws/install/my_simulations/share/my_simulations/local_setup.bash
-- Symlinking: /home/thinal/turtlebot3_ws/install/my_simulations/share/my_simulations/local_setup.sh
-- Symlinking: /home/thinal/turtlebot3_ws/install/my_simulations/share/my_simulations/local_setup.zsh
-- Symlinking: /home/thinal/turtlebot3_ws/install/my_simulations/share/my_simulations/local_setup.dsv
-- Symlinking: /home/thinal/turtlebot3_ws/install/my_simulations/share/my_simulations/package.dsv
-- Symlinking: /home/thinal/turtlebot3_ws/install/my_simulations/share/ament_index/resource_index/packages/my_simulations
-- Symlinking: /home/thinal/turtlebot3_ws/install/my_simulations/share/my_simulations/cmake/my_simulationsConfig.cmake
-- Symlinking: /home/thinal/turtlebot3_ws/install/my_simulations/share/my_simulations/cmake/my_simulationsConfig-version.cmake
-- Symlinking: /home/thinal/turtlebot3_ws/install/my_simulations/share/my_simulations/package.xml
