[0.013s] Invoking command in '/home/thinal/turtlebot3_ws/build/my_simulations': CMAKE_PREFIX_PATH=${CMAKE_PREFIX_PATH}:/opt/ros/jazzy /usr/bin/cmake /home/thinal/turtlebot3_ws/src/my_simulations -DCMAKE_INSTALL_PREFIX=/home/thinal/turtlebot3_ws/install/my_simulations
[0.062s] -- Found ament_cmake: 2.5.4 (/opt/ros/jazzy/share/ament_cmake/cmake)
[0.260s] -- Override CMake install command with custom implementation using symlinks instead of copying resources
[0.276s] -- Found ament_lint_auto: 0.17.3 (/opt/ros/jazzy/share/ament_lint_auto/cmake)
[0.364s] -- Added test 'flake8' to check Python code syntax and style conventions
[0.364s] -- Configured 'flake8' exclude dirs and/or files: 
[0.366s] -- Added test 'lint_cmake' to check CMake code style
[0.366s] -- Added test 'pep257' to check Python code against some of the docstring style conventions in PEP 257
[0.369s] -- Added test 'xmllint' to check XML markup files
[0.371s] -- Configuring done (0.3s)
[0.379s] -- Generating done (0.0s)
[0.381s] -- Build files have been written to: /home/thinal/turtlebot3_ws/build/my_simulations
[0.386s] Invoked command in '/home/thinal/turtlebot3_ws/build/my_simulations' returned '0': CMAKE_PREFIX_PATH=${CMAKE_PREFIX_PATH}:/opt/ros/jazzy /usr/bin/cmake /home/thinal/turtlebot3_ws/src/my_simulations -DCMAKE_INSTALL_PREFIX=/home/thinal/turtlebot3_ws/install/my_simulations
[0.387s] Invoking command in '/home/thinal/turtlebot3_ws/build/my_simulations': CMAKE_PREFIX_PATH=${CMAKE_PREFIX_PATH}:/opt/ros/jazzy /usr/bin/cmake --build /home/thinal/turtlebot3_ws/build/my_simulations -- -j16 -l16
[0.440s] Invoked command in '/home/thinal/turtlebot3_ws/build/my_simulations' returned '0': CMAKE_PREFIX_PATH=${CMAKE_PREFIX_PATH}:/opt/ros/jazzy /usr/bin/cmake --build /home/thinal/turtlebot3_ws/build/my_simulations -- -j16 -l16
[0.454s] Invoking command in '/home/thinal/turtlebot3_ws/build/my_simulations': CMAKE_PREFIX_PATH=${CMAKE_PREFIX_PATH}:/opt/ros/jazzy /usr/bin/cmake --install /home/thinal/turtlebot3_ws/build/my_simulations
[0.465s] -- Install configuration: ""
[0.465s] -- Execute custom install script
[0.465s] -- Up-to-date symlink: /home/thinal/turtlebot3_ws/install/my_simulations/share/my_simulations/launch/maze_world.launch.py
[0.466s] -- Up-to-date symlink: /home/thinal/turtlebot3_ws/install/my_simulations/share/my_simulations/launch/my_world.launch.py
[0.466s] -- Up-to-date symlink: /home/thinal/turtlebot3_ws/install/my_simulations/share/my_simulations/worlds/build/.built_by
[0.466s] -- Up-to-date symlink: /home/thinal/turtlebot3_ws/install/my_simulations/share/my_simulations/worlds/build/COLCON_IGNORE
[0.466s] -- Up-to-date symlink: /home/thinal/turtlebot3_ws/install/my_simulations/share/my_simulations/worlds/empty_world.world
[0.466s] -- Up-to-date symlink: /home/thinal/turtlebot3_ws/install/my_simulations/share/my_simulations/worlds/install/.colcon_install_layout
[0.466s] -- Up-to-date symlink: /home/thinal/turtlebot3_ws/install/my_simulations/share/my_simulations/worlds/install/COLCON_IGNORE
[0.466s] -- Up-to-date symlink: /home/thinal/turtlebot3_ws/install/my_simulations/share/my_simulations/worlds/install/_local_setup_util_ps1.py
[0.467s] -- Up-to-date symlink: /home/thinal/turtlebot3_ws/install/my_simulations/share/my_simulations/worlds/install/_local_setup_util_sh.py
[0.467s] -- Up-to-date symlink: /home/thinal/turtlebot3_ws/install/my_simulations/share/my_simulations/worlds/install/local_setup.bash
[0.467s] -- Up-to-date symlink: /home/thinal/turtlebot3_ws/install/my_simulations/share/my_simulations/worlds/install/local_setup.ps1
[0.467s] -- Up-to-date symlink: /home/thinal/turtlebot3_ws/install/my_simulations/share/my_simulations/worlds/install/local_setup.sh
[0.467s] -- Up-to-date symlink: /home/thinal/turtlebot3_ws/install/my_simulations/share/my_simulations/worlds/install/local_setup.zsh
[0.467s] -- Up-to-date symlink: /home/thinal/turtlebot3_ws/install/my_simulations/share/my_simulations/worlds/install/setup.bash
[0.467s] -- Up-to-date symlink: /home/thinal/turtlebot3_ws/install/my_simulations/share/my_simulations/worlds/install/setup.ps1
[0.467s] -- Up-to-date symlink: /home/thinal/turtlebot3_ws/install/my_simulations/share/my_simulations/worlds/install/setup.sh
[0.467s] -- Up-to-date symlink: /home/thinal/turtlebot3_ws/install/my_simulations/share/my_simulations/worlds/install/setup.zsh
[0.468s] -- Up-to-date symlink: /home/thinal/turtlebot3_ws/install/my_simulations/share/my_simulations/worlds/log/COLCON_IGNORE
[0.468s] -- Up-to-date symlink: /home/thinal/turtlebot3_ws/install/my_simulations/share/my_simulations/worlds/log/build_2025-10-20_14-44-41/events.log
[0.468s] -- Up-to-date symlink: /home/thinal/turtlebot3_ws/install/my_simulations/share/my_simulations/worlds/log/build_2025-10-20_14-44-41/logger_all.log
[0.468s] -- Up-to-date symlink: /home/thinal/turtlebot3_ws/install/my_simulations/share/my_simulations/worlds/log/latest
[0.468s] -- Up-to-date symlink: /home/thinal/turtlebot3_ws/install/my_simulations/share/my_simulations/worlds/log/latest_build
[0.468s] -- Up-to-date symlink: /home/thinal/turtlebot3_ws/install/my_simulations/share/my_simulations/worlds/maze_world.world
[0.469s] -- Up-to-date symlink: /home/thinal/turtlebot3_ws/install/my_simulations/share/my_simulations/models/maze/model.config
[0.469s] -- Up-to-date symlink: /home/thinal/turtlebot3_ws/install/my_simulations/share/my_simulations/models/maze/model.sdf
[0.469s] -- Up-to-date symlink: /home/thinal/turtlebot3_ws/install/my_simulations/share/ament_index/resource_index/package_run_dependencies/my_simulations
[0.470s] -- Up-to-date symlink: /home/thinal/turtlebot3_ws/install/my_simulations/share/ament_index/resource_index/parent_prefix_path/my_simulations
[0.470s] -- Up-to-date symlink: /home/thinal/turtlebot3_ws/install/my_simulations/share/my_simulations/environment/ament_prefix_path.sh
[0.470s] -- Up-to-date symlink: /home/thinal/turtlebot3_ws/install/my_simulations/share/my_simulations/environment/ament_prefix_path.dsv
[0.470s] -- Up-to-date symlink: /home/thinal/turtlebot3_ws/install/my_simulations/share/my_simulations/environment/path.sh
[0.470s] -- Up-to-date symlink: /home/thinal/turtlebot3_ws/install/my_simulations/share/my_simulations/environment/path.dsv
[0.471s] -- Up-to-date symlink: /home/thinal/turtlebot3_ws/install/my_simulations/share/my_simulations/local_setup.bash
[0.471s] -- Up-to-date symlink: /home/thinal/turtlebot3_ws/install/my_simulations/share/my_simulations/local_setup.sh
[0.471s] -- Up-to-date symlink: /home/thinal/turtlebot3_ws/install/my_simulations/share/my_simulations/local_setup.zsh
[0.471s] -- Up-to-date symlink: /home/thinal/turtlebot3_ws/install/my_simulations/share/my_simulations/local_setup.dsv
[0.471s] -- Symlinking: /home/thinal/turtlebot3_ws/install/my_simulations/share/my_simulations/package.dsv
[0.484s] -- Up-to-date symlink: /home/thinal/turtlebot3_ws/install/my_simulations/share/ament_index/resource_index/packages/my_simulations
[0.484s] -- Up-to-date symlink: /home/thinal/turtlebot3_ws/install/my_simulations/share/my_simulations/cmake/my_simulationsConfig.cmake
[0.484s] -- Up-to-date symlink: /home/thinal/turtlebot3_ws/install/my_simulations/share/my_simulations/cmake/my_simulationsConfig-version.cmake
[0.485s] -- Up-to-date symlink: /home/thinal/turtlebot3_ws/install/my_simulations/share/my_simulations/package.xml
[0.487s] Invoked command in '/home/thinal/turtlebot3_ws/build/my_simulations' returned '0': CMAKE_PREFIX_PATH=${CMAKE_PREFIX_PATH}:/opt/ros/jazzy /usr/bin/cmake --install /home/thinal/turtlebot3_ws/build/my_simulations
