[0.880s] Invoking command in '/home/thinal/turtlebot3_ws/build/turtlebot3_example': CMAKE_PREFIX_PATH=/home/thinal/turtlebot3_ws/install/turtlebot3_msgs:/home/thinal/turtlebot3_ws/install/turtlebot3:/home/thinal/turtlebot3_ws/install/turtlebot3_simulations:/home/thinal/turtlebot3_ws/install/turtlebot3_bringup:/home/thinal/turtlebot3_ws/install/turtlebot3_node:/home/thinal/turtlebot3_ws/install/turtlebot3_navigation2:/home/thinal/turtlebot3_ws/install/turtlebot3_fake_node:/home/thinal/turtlebot3_ws/install/turtlebot3_gazebo:/home/thinal/turtlebot3_ws/install/turtlebot3_description:/home/thinal/turtlebot3_ws/install/turtlebot3_cartographer:/opt/ros/jazzy/opt/gz_sim_vendor:/opt/ros/jazzy/opt/gz_sensors_vendor:/opt/ros/jazzy/opt/gz_physics_vendor:/opt/ros/jazzy/opt/sdformat_vendor:/opt/ros/jazzy/opt/gz_gui_vendor:/opt/ros/jazzy/opt/gz_transport_vendor:/opt/ros/jazzy/opt/gz_rendering_vendor:/opt/ros/jazzy/opt/gz_plugin_vendor:/opt/ros/jazzy/opt/gz_fuel_tools_vendor:/opt/ros/jazzy/opt/gz_msgs_vendor:/opt/ros/jazzy/opt/gz_common_vendor:/opt/ros/jazzy/opt/gz_tools_vendor:/opt/ros/jazzy/opt/gz_ogre_next_vendor:/opt/ros/jazzy/opt/gz_dartsim_vendor:/opt/ros/jazzy/opt/gz_math_vendor:/opt/ros/jazzy/opt/gz_utils_vendor:/opt/ros/jazzy/opt/gz_cmake_vendor PYTHONPATH=/home/thinal/turtlebot3_ws/build/turtlebot3_example/prefix_override:/usr/lib/python3/dist-packages/colcon_core/task/python/colcon_distutils_commands:/home/thinal/turtlebot3_ws/install/turtlebot3_example/lib/python3.12/site-packages:/home/thinal/turtlebot3_ws/install/turtlebot3_msgs/lib/python3.12/site-packages:/home/thinal/turtlebot3_ws/build/turtlebot3_teleop:/home/thinal/turtlebot3_ws/install/turtlebot3_teleop/lib/python3.12/site-packages:/home/thinal/turtlebot3_ws/build/turtlebot3_example:/home/thinal/turtlebot3_ws/install/turtlebot3_example/lib/python3.12/site-packages:/opt/ros/jazzy/lib/python3.12/site-packages /usr/bin/python3 -W ignore:setup.py install is deprecated -W ignore:easy_install command is deprecated setup.py develop --editable --build-directory /home/thinal/turtlebot3_ws/build/turtlebot3_example/build --no-deps symlink_data
[1.177s] running develop
[1.355s] running egg_info
[1.373s] writing turtlebot3_example.egg-info/PKG-INFO
[1.373s] writing dependency_links to turtlebot3_example.egg-info/dependency_links.txt
[1.373s] writing entry points to turtlebot3_example.egg-info/entry_points.txt
[1.373s] writing requirements to turtlebot3_example.egg-info/requires.txt
[1.373s] writing top-level names to turtlebot3_example.egg-info/top_level.txt
[1.406s] reading manifest file 'turtlebot3_example.egg-info/SOURCES.txt'
[1.407s] writing manifest file 'turtlebot3_example.egg-info/SOURCES.txt'
[1.425s] running build_ext
[1.425s] Creating /home/thinal/turtlebot3_ws/install/turtlebot3_example/lib/python3.12/site-packages/turtlebot3-example.egg-link (link to .)
[1.426s] Installing turtlebot3_absolute_move script to /home/thinal/turtlebot3_ws/install/turtlebot3_example/lib/turtlebot3_example
[1.426s] Installing turtlebot3_interactive_marker script to /home/thinal/turtlebot3_ws/install/turtlebot3_example/lib/turtlebot3_example
[1.426s] Installing turtlebot3_obstacle_detection script to /home/thinal/turtlebot3_ws/install/turtlebot3_example/lib/turtlebot3_example
[1.426s] Installing turtlebot3_patrol_client script to /home/thinal/turtlebot3_ws/install/turtlebot3_example/lib/turtlebot3_example
[1.426s] Installing turtlebot3_patrol_server script to /home/thinal/turtlebot3_ws/install/turtlebot3_example/lib/turtlebot3_example
[1.427s] Installing turtlebot3_relative_move script to /home/thinal/turtlebot3_ws/install/turtlebot3_example/lib/turtlebot3_example
[1.427s] 
[1.427s] Installed /home/thinal/turtlebot3_ws/build/turtlebot3_example
[1.427s] running symlink_data
[1.460s] Invoked command in '/home/thinal/turtlebot3_ws/build/turtlebot3_example' returned '0': CMAKE_PREFIX_PATH=/home/thinal/turtlebot3_ws/install/turtlebot3_msgs:/home/thinal/turtlebot3_ws/install/turtlebot3:/home/thinal/turtlebot3_ws/install/turtlebot3_simulations:/home/thinal/turtlebot3_ws/install/turtlebot3_bringup:/home/thinal/turtlebot3_ws/install/turtlebot3_node:/home/thinal/turtlebot3_ws/install/turtlebot3_navigation2:/home/thinal/turtlebot3_ws/install/turtlebot3_fake_node:/home/thinal/turtlebot3_ws/install/turtlebot3_gazebo:/home/thinal/turtlebot3_ws/install/turtlebot3_description:/home/thinal/turtlebot3_ws/install/turtlebot3_cartographer:/opt/ros/jazzy/opt/gz_sim_vendor:/opt/ros/jazzy/opt/gz_sensors_vendor:/opt/ros/jazzy/opt/gz_physics_vendor:/opt/ros/jazzy/opt/sdformat_vendor:/opt/ros/jazzy/opt/gz_gui_vendor:/opt/ros/jazzy/opt/gz_transport_vendor:/opt/ros/jazzy/opt/gz_rendering_vendor:/opt/ros/jazzy/opt/gz_plugin_vendor:/opt/ros/jazzy/opt/gz_fuel_tools_vendor:/opt/ros/jazzy/opt/gz_msgs_vendor:/opt/ros/jazzy/opt/gz_common_vendor:/opt/ros/jazzy/opt/gz_tools_vendor:/opt/ros/jazzy/opt/gz_ogre_next_vendor:/opt/ros/jazzy/opt/gz_dartsim_vendor:/opt/ros/jazzy/opt/gz_math_vendor:/opt/ros/jazzy/opt/gz_utils_vendor:/opt/ros/jazzy/opt/gz_cmake_vendor PYTHONPATH=/home/thinal/turtlebot3_ws/build/turtlebot3_example/prefix_override:/usr/lib/python3/dist-packages/colcon_core/task/python/colcon_distutils_commands:/home/thinal/turtlebot3_ws/install/turtlebot3_example/lib/python3.12/site-packages:/home/thinal/turtlebot3_ws/install/turtlebot3_msgs/lib/python3.12/site-packages:/home/thinal/turtlebot3_ws/build/turtlebot3_teleop:/home/thinal/turtlebot3_ws/install/turtlebot3_teleop/lib/python3.12/site-packages:/home/thinal/turtlebot3_ws/build/turtlebot3_example:/home/thinal/turtlebot3_ws/install/turtlebot3_example/lib/python3.12/site-packages:/opt/ros/jazzy/lib/python3.12/site-packages /usr/bin/python3 -W ignore:setup.py install is deprecated -W ignore:easy_install command is deprecated setup.py develop --editable --build-directory /home/thinal/turtlebot3_ws/build/turtlebot3_example/build --no-deps symlink_data
