[2.217s] Invoking command in '/home/thinal/turtlebot3_ws/build/turtlebot3_teleop': PYTHONPATH=/home/thinal/turtlebot3_ws/build/turtlebot3_teleop/prefix_override:/usr/lib/python3/dist-packages/colcon_core/task/python/colcon_distutils_commands:/home/thinal/turtlebot3_ws/install/turtlebot3_teleop/lib/python3.12/site-packages:${PYTHONPATH} /usr/bin/python3 -W ignore:setup.py install is deprecated -W ignore:easy_install command is deprecated setup.py develop --editable --build-directory /home/thinal/turtlebot3_ws/build/turtlebot3_teleop/build --no-deps symlink_data
[2.827s] running develop
[3.200s] running egg_info
[3.201s] creating turtlebot3_teleop.egg-info
[3.237s] writing turtlebot3_teleop.egg-info/PKG-INFO
[3.238s] writing dependency_links to turtlebot3_teleop.egg-info/dependency_links.txt
[3.238s] writing entry points to turtlebot3_teleop.egg-info/entry_points.txt
[3.238s] writing requirements to turtlebot3_teleop.egg-info/requires.txt
[3.239s] writing top-level names to turtlebot3_teleop.egg-info/top_level.txt
[3.239s] writing manifest file 'turtlebot3_teleop.egg-info/SOURCES.txt'
[3.322s] reading manifest file 'turtlebot3_teleop.egg-info/SOURCES.txt'
[3.323s] writing manifest file 'turtlebot3_teleop.egg-info/SOURCES.txt'
[3.365s] running build_ext
[3.365s] Creating /home/thinal/turtlebot3_ws/install/turtlebot3_teleop/lib/python3.12/site-packages/turtlebot3-teleop.egg-link (link to .)
[3.366s] Installing teleop_keyboard script to /home/thinal/turtlebot3_ws/install/turtlebot3_teleop/lib/turtlebot3_teleop
[3.367s] 
[3.368s] Installed /home/thinal/turtlebot3_ws/build/turtlebot3_teleop
[3.368s] running symlink_data
[3.368s] creating /home/thinal/turtlebot3_ws/install/turtlebot3_teleop/share/ament_index
[3.369s] creating /home/thinal/turtlebot3_ws/install/turtlebot3_teleop/share/ament_index/resource_index
[3.370s] creating /home/thinal/turtlebot3_ws/install/turtlebot3_teleop/share/ament_index/resource_index/packages
[3.370s] symbolically linking /home/thinal/turtlebot3_ws/build/turtlebot3_teleop/resource/turtlebot3_teleop -> /home/thinal/turtlebot3_ws/install/turtlebot3_teleop/share/ament_index/resource_index/packages
[3.371s] symbolically linking /home/thinal/turtlebot3_ws/build/turtlebot3_teleop/package.xml -> /home/thinal/turtlebot3_ws/install/turtlebot3_teleop/share/turtlebot3_teleop
[3.453s] Invoked command in '/home/thinal/turtlebot3_ws/build/turtlebot3_teleop' returned '0': PYTHONPATH=/home/thinal/turtlebot3_ws/build/turtlebot3_teleop/prefix_override:/usr/lib/python3/dist-packages/colcon_core/task/python/colcon_distutils_commands:/home/thinal/turtlebot3_ws/install/turtlebot3_teleop/lib/python3.12/site-packages:${PYTHONPATH} /usr/bin/python3 -W ignore:setup.py install is deprecated -W ignore:easy_install command is deprecated setup.py develop --editable --build-directory /home/thinal/turtlebot3_ws/build/turtlebot3_teleop/build --no-deps symlink_data
